Change Component Designator: Old Designator=*1 New Designator=*2
Change Component Designator: Old Designator=*2 New Designator=*4
Change Component Designator: Old Designator=*3 New Designator=*6
Change Component Designator: Old Designator=*4 New Designator=*8
Change Component Designator: Old Designator=* New Designator=*1
Change Component Designator: Old Designator=* New Designator=*3
Change Component Designator: Old Designator=* New Designator=*5
Change Component Designator: Old Designator=* New Designator=*7
Change Component Designator: Old Designator=C9 New Designator=C16
Change Component Designator: Old Designator=C10 New Designator=C17
Change Component Designator: Old Designator=C11 New Designator=C18
Change Component Designator: Old Designator=C12 New Designator=C19
Change Component Designator: Old Designator=C13 New Designator=C20
Change Component Designator: Old Designator=C14 New Designator=C21
Change Component Designator: Old Designator=C38 New Designator=C22
Change Component Designator: Old Designator=C39 New Designator=C23
Change Component Designator: Old Designator=J6 New Designator=J7
Change Component Designator: Old Designator=J7 New Designator=J8
Change Component Designator: Old Designator=J8 New Designator=J9
Change Component Designator: Old Designator=LED13 New Designator=LED7
Change Component Designator: Old Designator=LED14 New Designator=LED8
Change Component Designator: Old Designator=R9 New Designator=R8
Change Component Designator: Old Designator=R10 New Designator=R9
Change Component Designator: Old Designator=R11 New Designator=R10
Change Component Designator: Old Designator=R12 New Designator=R11
Change Component Designator: Old Designator=R13 New Designator=R12
Change Component Designator: Old Designator=R14 New Designator=R13
Change Component Designator: Old Designator=R15 New Designator=R14
Change Component Designator: Old Designator=R16 New Designator=R15
Change Component Designator: Old Designator=R17 New Designator=R16
Change Component Designator: Old Designator=R18 New Designator=R17
Change Component Designator: Old Designator=R36 New Designator=R18
Change Component Designator: Old Designator=R37 New Designator=R19
Change Component Designator: Old Designator=U4 New Designator=U6
Change Component Designator: Old Designator=U5 New Designator=U7
Change Component Designator: Old Designator=U6 New Designator=U8
Change Component Designator: Old Designator=U7 New Designator=U9
Change Component Designator: Old Designator=U9 New Designator=U10
