Change Component Designator: Old Designator=C19 New Designator=C24
Change Component Designator: Old Designator=C20 New Designator=C25
Change Component Designator: Old Designator=C21 New Designator=C26
Change Component Designator: Old Designator=C22 New Designator=C27
Change Component Designator: Old Designator=C23 New Designator=C19
Change Component Designator: Old Designator=C24 New Designator=C20
Change Component Designator: Old Designator=C25 New Designator=C21
Change Component Designator: Old Designator=C26 New Designator=C22
Change Component Designator: Old Designator=C27 New Designator=C23
Change Component Designator: Old Designator=C33 New Designator=C35
Change Component Designator: Old Designator=C34 New Designator=C36
Change Component Designator: Old Designator=C35 New Designator=C37
Change Component Designator: Old Designator=C36 New Designator=C33
Change Component Designator: Old Designator=C37 New Designator=C34
Change Component Designator: Old Designator=D3 New Designator=D5
Change Component Designator: Old Designator=D7 New Designator=D6
Change Component Designator: Old Designator=LED1 New Designator=LED7
Change Component Designator: Old Designator=LED2 New Designator=LED8
Change Component Designator: Old Designator=LED3 New Designator=LED10
Change Component Designator: Old Designator=LED4 New Designator=LED11
Change Component Designator: Old Designator=LED11 New Designator=LED9
Change Component Designator: Old Designator=R17 New Designator=R24
Change Component Designator: Old Designator=R18 New Designator=R25
Change Component Designator: Old Designator=R19 New Designator=R27
Change Component Designator: Old Designator=R20 New Designator=R28
Change Component Designator: Old Designator=R21 New Designator=R34
Change Component Designator: Old Designator=R28 New Designator=R26
Change Component Designator: Old Designator=R30 New Designator=R29
Change Component Designator: Old Designator=R31 New Designator=R30
Change Component Designator: Old Designator=R32 New Designator=R31
Change Component Designator: Old Designator=R33 New Designator=R32
Change Component Designator: Old Designator=R34 New Designator=R33
Change Component Designator: Old Designator=U14 New Designator=U15
Change Component Designator: Old Designator=U15 New Designator=U14
