Change Component Designator: Old Designator=C24 New Designator=C33
Change Component Designator: Old Designator=C25 New Designator=C34
Change Component Designator: Old Designator=C33 New Designator=C35
Change Component Designator: Old Designator=C34 New Designator=C36
Change Component Designator: Old Designator=C35 New Designator=C37
Change Component Designator: Old Designator=C36 New Designator=C38
Change Component Designator: Old Designator=C37 New Designator=C39
Change Component Designator: Old Designator=D5 New Designator=D4
Change Component Designator: Old Designator=D6 New Designator=D5
Change Component Designator: Old Designator=LED7 New Designator=LED9
Change Component Designator: Old Designator=LED8 New Designator=LED10
Change Component Designator: Old Designator=LED9 New Designator=LED11
Change Component Designator: Old Designator=LED11 New Designator=LED12
Change Component Designator: Old Designator=LED12 New Designator=LED13
Change Component Designator: Old Designator=R24 New Designator=R37
Change Component Designator: Old Designator=R25 New Designator=R38
Change Component Designator: Old Designator=R26 New Designator=R39
Change Component Designator: Old Designator=R28 New Designator=R40
Change Component Designator: Old Designator=R29 New Designator=R41
Change Component Designator: Old Designator=R30 New Designator=R42
Change Component Designator: Old Designator=R31 New Designator=R43
Change Component Designator: Old Designator=R32 New Designator=R44
Change Component Designator: Old Designator=R33 New Designator=R45
Change Component Designator: Old Designator=R34 New Designator=R46
Change Component Designator: Old Designator=R35 New Designator=R47
Change Component Designator: Old Designator=TP5 New Designator=TP4
Change Component Designator: Old Designator=TP6 New Designator=TP5
Change Component Designator: Old Designator=U12 New Designator=U16
Change Component Designator: Old Designator=U14 New Designator=U17
Change Component Designator: Old Designator=U15 New Designator=U18
