Change Component Designator: Old Designator=C6 New Designator=C25
Change Component Designator: Old Designator=C7 New Designator=C26
Change Component Designator: Old Designator=C8 New Designator=C29
Change Component Designator: Old Designator=C16 New Designator=C27
Change Component Designator: Old Designator=C17 New Designator=C28
Change Component Designator: Old Designator=C18 New Designator=C32
Change Component Designator: Old Designator=C26 New Designator=C30
Change Component Designator: Old Designator=C44 New Designator=C31
Change Component Designator: Old Designator=J9 New Designator=J10
Change Component Designator: Old Designator=R8 New Designator=R25
Change Component Designator: Old Designator=R27 New Designator=R26
Change Component Designator: Old Designator=R50 New Designator=R27
Change Component Designator: Old Designator=R51 New Designator=R28
Change Component Designator: Old Designator=R52 New Designator=R29
Change Component Designator: Old Designator=R53 New Designator=R30
Change Component Designator: Old Designator=R54 New Designator=R31
Change Component Designator: Old Designator=R55 New Designator=R32
Change Component Designator: Old Designator=R56 New Designator=R33
Change Component Designator: Old Designator=R57 New Designator=R34
Change Component Designator: Old Designator=R58 New Designator=R35
Change Component Designator: Old Designator=R59 New Designator=R36
Change Component Designator: Old Designator=U1 New Designator=U12
Change Component Designator: Old Designator=U New Designator=U13
Change Component Designator: Old Designator=U New Designator=U14
Change Component Designator: Old Designator=U New Designator=U15
