Removed Pin From Net: NetName=+24V Pin=*1-15
Removed Pin From Net: NetName=+24V Pin=*1-18
Removed Pin From Net: NetName=+24V Pin=*1-21
Removed Pin From Net: NetName=+24V Pin=*2-15
Removed Pin From Net: NetName=+24V Pin=*2-18
Removed Pin From Net: NetName=+24V Pin=*2-21
Removed Pin From Net: NetName=+24V Pin=*3-15
Removed Pin From Net: NetName=+24V Pin=*3-18
Removed Pin From Net: NetName=+24V Pin=*3-21
Removed Pin From Net: NetName=+24V Pin=*4-15
Removed Pin From Net: NetName=+24V Pin=*4-18
Removed Pin From Net: NetName=+24V Pin=*4-21
Removed Pin From Net: NetName=+24V Pin=C47-1
Removed Pin From Net: NetName=+24V Pin=C48-1
Removed Pin From Net: NetName=+24V Pin=C51-1
Removed Pin From Net: NetName=+24V Pin=C52-1
Removed Pin From Net: NetName=+24V Pin=C55-1
Removed Pin From Net: NetName=+24V Pin=C56-1
Removed Pin From Net: NetName=+24V Pin=C58-1
Removed Pin From Net: NetName=+24V Pin=C60-1
Removed Pin From Net: NetName=+24V Pin=R40-1
Removed Pin From Net: NetName=+24V Pin=R41-1
Removed Pin From Net: NetName=+24V Pin=R46-1
Removed Pin From Net: NetName=+24V Pin=R47-1
Removed Pin From Net: NetName=+24V Pin=U19-7
Removed Pin From Net: NetName=+24V Pin=U20-7
Removed Pin From Net: NetName=+24V Pin=U21-7
Removed Pin From Net: NetName=+24V Pin=U22-7
Added Pin To Net: NetName=+24V_a Pin=*1-15
Added Pin To Net: NetName=+24V_a Pin=*1-18
Added Pin To Net: NetName=+24V_a Pin=*1-21
Added Pin To Net: NetName=+24V_a Pin=C47-1
Added Pin To Net: NetName=+24V_a Pin=C51-1
Added Pin To Net: NetName=+24V_a Pin=R40-1
Added Pin To Net: NetName=+24V_a Pin=U19-7
Added Net: Name=+24V_a
Added Pin To Net: NetName=+24V_b Pin=*2-15
Added Pin To Net: NetName=+24V_b Pin=*2-18
Added Pin To Net: NetName=+24V_b Pin=*2-21
Added Pin To Net: NetName=+24V_b Pin=C48-1
Added Pin To Net: NetName=+24V_b Pin=C52-1
Added Pin To Net: NetName=+24V_b Pin=R41-1
Added Pin To Net: NetName=+24V_b Pin=U20-7
Added Net: Name=+24V_b
Added Pin To Net: NetName=+24V_c Pin=*3-15
Added Pin To Net: NetName=+24V_c Pin=*3-18
Added Pin To Net: NetName=+24V_c Pin=*3-21
Added Pin To Net: NetName=+24V_c Pin=C56-1
Added Pin To Net: NetName=+24V_c Pin=C60-1
Added Pin To Net: NetName=+24V_c Pin=R47-1
Added Pin To Net: NetName=+24V_c Pin=U22-7
Added Net: Name=+24V_c
Added Pin To Net: NetName=+24V_d Pin=*4-15
Added Pin To Net: NetName=+24V_d Pin=*4-18
Added Pin To Net: NetName=+24V_d Pin=*4-21
Added Pin To Net: NetName=+24V_d Pin=C55-1
Added Pin To Net: NetName=+24V_d Pin=C58-1
Added Pin To Net: NetName=+24V_d Pin=R46-1
Added Pin To Net: NetName=+24V_d Pin=U21-7
Added Net: Name=+24V_d
