Removed Member From Class: ClassName=eFuse Member=U1
Change Component Designator: OldDesignator=C6 NewDesignator=C10
Change Component Designator: OldDesignator=C7 NewDesignator=C11
Change Component Designator: OldDesignator=C8 NewDesignator=C12
Change Component Designator: OldDesignator=C9 NewDesignator=C6
Change Component Designator: OldDesignator=C10 NewDesignator=C7
Change Component Designator: OldDesignator=C11 NewDesignator=C8
Change Component Designator: OldDesignator=C12 NewDesignator=C9
Change Component Designator: OldDesignator=U1 NewDesignator=U6
Change Component Designator: OldDesignator=U3 NewDesignator=U5
Change Component Designator: OldDesignator=U4 NewDesignator=U3
Change Component Designator: OldDesignator=U5 NewDesignator=U4
Change Net Name : Old Net Name=NetC8_1 New Net Name=NetC12_1
Change Net Name : Old Net Name=NetC8_2 New Net Name=NetC12_2
Change Net Name : Old Net Name=NetU1_5 New Net Name=NetU2_45
Change Net Name : Old Net Name=NetU1_12 New Net Name=NetU6_12
Change Net Name : Old Net Name=NetU1_19 New Net Name=NetU6_19
Added Pin To Net: NetName=NetU2_46 Pin=U2-46
Added Pin To Net: NetName=NetU2_46 Pin=U6-7
Added Net: Name=NetU2_46
Added Pin To Net: NetName=NetU2_47 Pin=U2-47
Added Pin To Net: NetName=NetU2_47 Pin=U6-4
Added Net: Name=NetU2_47
Added Member To Class: ClassName=eFuse Member=Component U6 MC22XS4200
