Removed Pin From Net: NetName=CAN1_N Pin=J1-1
Removed Pin From Net: NetName=CAN1_P Pin=J1-2
Removed Pin From Net: NetName=+24V_IN Pin=J1-3
Removed Pin From Net: NetName=GND Pin=J1-4
Removed Pin From Net: NetName=+24V_IN Pin=J1-6
Removed Pin From Net: NetName=GND Pin=J1-7
Removed Pin From Net: NetName=CAN2_N Pin=J1-8
Removed Pin From Net: NetName=CAN2_P Pin=J1-9
Removed Member From Class: ClassName=CANbus Member=J1
Change Component Footprint: Designator=J? Old Footprint=FP-1-5747150-6-MFG New Footprint=FP-5747844-6-MFG
Change Component Comment : Designator=J? Old Comment=1-5747150-6 New Comment=5747844-6
Change Managed Component Library Link : Designator=J? Old VaultGUID=B7D15EC3-160A-466F-A46C-7801FE6295A7 New VaultGUID=B7D15EC3-160A-466F-A46C-7801FE6295A7 Old ItemGUID=B3827A28-CF8E-4139-9200-1326896FEE80 New ItemGUID=B0EECB73-E9B0-4CCC-B84E-0A50A20085D0 Old RevisionGUID=626F67FB-F2ED-4406-AA37-F52DF3EC282A New RevisionGUID=EF1CB9AB-E11B-41E4-BB60-22907BDAF727
Change component parameters: Designator = "J?" ("J?"); Footprint = "FP-1-5747150-6-MFG"; UniqueID = "\YXNZIYNO\VASXVKQE" ("\YXNZIYNO\VASXVKQE")
Change component parameters (AddParameter): Name = "Automotive"; Value = "No"; VariantName = "[No Variations]"
Change component parameters (AddParameter): Name = "Category"; Value = "Conn"; VariantName = "[No Variations]"
Change component parameters (AddParameter): Name = "Ciiva Ids"; Value = "587108"; VariantName = "[No Variations]"
Change component parameters (AddParameter): Name = "ComponentLink2Description"; Value = "Datasheet"; VariantName = "[No Variations]"
Change component parameters (AddParameter): Name = "ComponentLink2URL"; Value = "https://www.te.com/commerce/DocumentDelivery/DDEController?Action=showdoc&DocId=Catalog+Section%7F82068_AMPLIMITE_Right-Angle_Posted_Conn%7F0412%7Fpdf%7FEnglish%7FENG_CS_82068_AMPLIMITE_Right-Angle_Posted_Conn_0412.pdf%7F5747844-6"; VariantName = "[No Variations]"
Change component parameters (AddParameter): Name = "Conn Gender"; Value = "Female"; VariantName = "[No Variations]"
Change component parameters (AddParameter): Name = "Conn Orientation"; Value = "Right Angle"; VariantName = "[No Variations]"
Change component parameters (AddParameter): Name = "Contact Material"; Value = "Gold,Tin"; VariantName = "[No Variations]"
Change component parameters (AddParameter): Name = "Current Rating"; Value = "6A"; VariantName = "[No Variations]"
Change component parameters (AddParameter): Name = "Device Class L1"; Value = "Connectors"; VariantName = "[No Variations]"
Change component parameters (AddParameter): Name = "Device Class L2"; Value = "D-Sub Connectors"; VariantName = "[No Variations]"
Change component parameters (AddParameter): Name = "Device Class L3"; Value = "unset"; VariantName = "[No Variations]"
Change component parameters (AddParameter): Name = "Digikey Description"; Value = "CONN D-SUB RCPT 9POS R/A SOLDER"; VariantName = "[No Variations]"
Change component parameters (AddParameter): Name = "Footprint Url"; Value = "https://www.te.com/commerce/DocumentDelivery/DDEController?Action=showdoc&DocId=Customer+Drawing%7F5747844%7FP%7Fpdf%7FEnglish%7FENG_CD_5747844_P.pdf%7F5747844-6"; VariantName = "[No Variations]"
Change component parameters (AddParameter): Name = "Height"; Value = "12.9286mm"; VariantName = "[No Variations]"
Change component parameters (AddParameter): Name = "Import Ts"; Value = "1521841921"; VariantName = "[No Variations]"
Change component parameters (AddParameter): Name = "Is Female"; Value = "yes"; VariantName = "[No Variations]"
Change component parameters (AddParameter): Name = "Lead Free"; Value = "Yes"; VariantName = "[No Variations]"
Change component parameters (AddParameter): Name = "Manufacturer"; Value = "TE Connectivity"; VariantName = "[No Variations]"
Change component parameters (AddParameter): Name = "Manufacturer Part Number"; Value = "5747844-6"; VariantName = "[No Variations]"
Change component parameters (AddParameter): Name = "Mouser Description"; Value = "D-Sub Standard Connectors 9 PIN RECEPTACLE"; VariantName = "[No Variations]"
Change component parameters (AddParameter): Name = "Number Of Contacts"; Value = "9"; VariantName = "[No Variations]"
Change component parameters (AddParameter): Name = "Octopart"; Value = "https://octopart.com/5747844-6-te+connectivity-46505427"; VariantName = "[No Variations]"
Change component parameters (AddParameter): Name = "Package"; Value = "5747844-6"; VariantName = "[No Variations]"
Change component parameters (AddParameter): Name = "Pitch"; Value = "2.74mm"; VariantName = "[No Variations]"
Change component parameters (AddParameter): Name = "Release Date"; Value = "1508999366"; VariantName = "[No Variations]"
Change component parameters (AddParameter): Name = "RoHS"; Value = "TRUE"; VariantName = "[No Variations]"
Change component parameters (AddParameter): Name = "Shielding"; Value = "true"; VariantName = "[No Variations]"
Change component parameters (AddParameter): Name = "Temperature"; Value = "-55°C to +105°C"; VariantName = "[No Variations]"
Change component parameters (AddParameter): Name = "Temperature Range High"; Value = "+105°C"; VariantName = "[No Variations]"
Change component parameters (AddParameter): Name = "Temperature Range Low"; Value = "-55°C"; VariantName = "[No Variations]"
Added Pin To Net: NetName=GND Pin=J?-1
Added Pin To Net: NetName=GND Pin=J?-1
Added Pin To Net: NetName=+24V_IN Pin=J?-2
Added Pin To Net: NetName=+24V_IN Pin=J?-2
Added Pin To Net: NetName=GND Pin=J?-3
Added Pin To Net: NetName=GND Pin=J?-3
Added Pin To Net: NetName=+24V_IN Pin=J?-4
Added Pin To Net: NetName=+24V_IN Pin=J?-4
Added Pin To Net: NetName=CAN1_N Pin=J?-5
Added Pin To Net: NetName=CAN2_N Pin=J?-5
Added Pin To Net: NetName=CAN1_P Pin=J?-6
Added Pin To Net: NetName=CAN2_P Pin=J?-6
Added Member To Class: ClassName=CANbus Member=Component J? 5747844-6
