Added Component: Designator=C16(RAD-0.3)
Add component (AddParameter): Name = "LatestRevisionDate"; Value = "17-Jul-2002"; VariantName = "[No Variations]"
Add component (AddParameter): Name = "LatestRevisionNote"; Value = "Re-released for DXP Platform."; VariantName = "[No Variations]"
Add component (AddParameter): Name = "PackageDescription"; Value = "Radial Cap, Thru-Hole; 2 Leads; 0.3 in Pin Spacing"; VariantName = "[No Variations]"
Add component (AddParameter): Name = "PackageReference"; Value = "RAD-0.3"; VariantName = "[No Variations]"
Add component (AddParameter): Name = "Published"; Value = "8-Jun-2000"; VariantName = "[No Variations]"
Add component (AddParameter): Name = "Publisher"; Value = "Altium Limited"; VariantName = "[No Variations]"
Add component (AddParameter): Name = "Value"; Value = "100nF"; VariantName = "[No Variations]"
Added Component: Designator=C17(RAD-0.3)
Add component (AddParameter): Name = "LatestRevisionDate"; Value = "17-Jul-2002"; VariantName = "[No Variations]"
Add component (AddParameter): Name = "LatestRevisionNote"; Value = "Re-released for DXP Platform."; VariantName = "[No Variations]"
Add component (AddParameter): Name = "PackageDescription"; Value = "Radial Cap, Thru-Hole; 2 Leads; 0.3 in Pin Spacing"; VariantName = "[No Variations]"
Add component (AddParameter): Name = "PackageReference"; Value = "RAD-0.3"; VariantName = "[No Variations]"
Add component (AddParameter): Name = "Published"; Value = "8-Jun-2000"; VariantName = "[No Variations]"
Add component (AddParameter): Name = "Publisher"; Value = "Altium Limited"; VariantName = "[No Variations]"
Add component (AddParameter): Name = "Value"; Value = "100nF"; VariantName = "[No Variations]"
Added Component: Designator=C18(RAD-0.3)
Add component (AddParameter): Name = "LatestRevisionDate"; Value = "17-Jul-2002"; VariantName = "[No Variations]"
Add component (AddParameter): Name = "LatestRevisionNote"; Value = "Re-released for DXP Platform."; VariantName = "[No Variations]"
Add component (AddParameter): Name = "PackageDescription"; Value = "Radial Cap, Thru-Hole; 2 Leads; 0.3 in Pin Spacing"; VariantName = "[No Variations]"
Add component (AddParameter): Name = "PackageReference"; Value = "RAD-0.3"; VariantName = "[No Variations]"
Add component (AddParameter): Name = "Published"; Value = "8-Jun-2000"; VariantName = "[No Variations]"
Add component (AddParameter): Name = "Publisher"; Value = "Altium Limited"; VariantName = "[No Variations]"
Add component (AddParameter): Name = "Value"; Value = "100nF"; VariantName = "[No Variations]"
Added Component: Designator=P7(Thermocouple F)
Add component (AddParameter): Name = "LatestRevisionDate"; Value = "17-Jul-2002"; VariantName = "[No Variations]"
Add component (AddParameter): Name = "LatestRevisionNote"; Value = "Re-released for DXP Platform."; VariantName = "[No Variations]"
Add component (AddParameter): Name = "Publisher"; Value = "Altium Limited"; VariantName = "[No Variations]"
Added Component: Designator=P8(Thermocouple F)
Add component (AddParameter): Name = "LatestRevisionDate"; Value = "17-Jul-2002"; VariantName = "[No Variations]"
Add component (AddParameter): Name = "LatestRevisionNote"; Value = "Re-released for DXP Platform."; VariantName = "[No Variations]"
Add component (AddParameter): Name = "Publisher"; Value = "Altium Limited"; VariantName = "[No Variations]"
Added Component: Designator=P9(Thermocouple F)
Add component (AddParameter): Name = "LatestRevisionDate"; Value = "17-Jul-2002"; VariantName = "[No Variations]"
Add component (AddParameter): Name = "LatestRevisionNote"; Value = "Re-released for DXP Platform."; VariantName = "[No Variations]"
Add component (AddParameter): Name = "Publisher"; Value = "Altium Limited"; VariantName = "[No Variations]"
Added Component: Designator=U9(MAXM-S8+4_M)
Add component (AddParameter): Name = "Code_JEDEC"; Value = "MS-012"; VariantName = "[No Variations]"
Add component (AddParameter): Name = "ComponentLink1Description"; Value = "Manufacturer URL"; VariantName = "[No Variations]"
Add component (AddParameter): Name = "ComponentLink1URL"; Value = "http://www.maximintegrated.com/"; VariantName = "[No Variations]"
Add component (AddParameter): Name = "ComponentLink2Description"; Value = "Datasheet"; VariantName = "[No Variations]"
Add component (AddParameter): Name = "ComponentLink2URL"; Value = "http://datasheets.maximintegrated.com/en/ds/MAX31855.pdf"; VariantName = "[No Variations]"
Add component (AddParameter): Name = "ComponentLink3Description"; Value = "Package Specification"; VariantName = "[No Variations]"
Add component (AddParameter): Name = "ComponentLink3URL"; Value = "http://pdfserv.maximintegrated.com/package_dwgs/21-0041.PDF"; VariantName = "[No Variations]"
Add component (AddParameter): Name = "DatasheetVersion"; Value = "Rev. 2"; VariantName = "[No Variations]"
Add component (AddParameter): Name = "Functions"; Value = "Thermocouple-to-Digital Converter"; VariantName = "[No Variations]"
Add component (AddParameter): Name = "Generic Part Number"; Value = "MAX31855"; VariantName = "[No Variations]"
Add component (AddParameter): Name = "Interface"; Value = "SPI"; VariantName = "[No Variations]"
Add component (AddParameter): Name = "Mounting Technology"; Value = "Surface Mount"; VariantName = "[No Variations]"
Add component (AddParameter): Name = "PackageDescription"; Value = "8-Pin Small-Outline IC, Narrow, Body 3.9 x 4.9 mm, Pitch 1.27 mm"; VariantName = "[No Variations]"
Add component (AddParameter): Name = "PackageReference"; Value = "S8+4"; VariantName = "[No Variations]"
Add component (AddParameter): Name = "PackageVersion"; Value = "Rev. D, 10/2012"; VariantName = "[No Variations]"
Add component (AddParameter): Name = "Parasite Pwr."; Value = "No"; VariantName = "[No Variations]"
Add component (AddParameter): Name = "PartNumber"; Value = "MAX31855KASA+"; VariantName = "[No Variations]"
Added Component: Designator=U10(MAXM-S8+4_M)
Add component (AddParameter): Name = "Code_JEDEC"; Value = "MS-012"; VariantName = "[No Variations]"
Add component (AddParameter): Name = "ComponentLink1Description"; Value = "Manufacturer URL"; VariantName = "[No Variations]"
Add component (AddParameter): Name = "ComponentLink1URL"; Value = "http://www.maximintegrated.com/"; VariantName = "[No Variations]"
Add component (AddParameter): Name = "ComponentLink2Description"; Value = "Datasheet"; VariantName = "[No Variations]"
Add component (AddParameter): Name = "ComponentLink2URL"; Value = "http://datasheets.maximintegrated.com/en/ds/MAX31855.pdf"; VariantName = "[No Variations]"
Add component (AddParameter): Name = "ComponentLink3Description"; Value = "Package Specification"; VariantName = "[No Variations]"
Add component (AddParameter): Name = "ComponentLink3URL"; Value = "http://pdfserv.maximintegrated.com/package_dwgs/21-0041.PDF"; VariantName = "[No Variations]"
Add component (AddParameter): Name = "DatasheetVersion"; Value = "Rev. 2"; VariantName = "[No Variations]"
Add component (AddParameter): Name = "Functions"; Value = "Thermocouple-to-Digital Converter"; VariantName = "[No Variations]"
Add component (AddParameter): Name = "Generic Part Number"; Value = "MAX31855"; VariantName = "[No Variations]"
Add component (AddParameter): Name = "Interface"; Value = "SPI"; VariantName = "[No Variations]"
Add component (AddParameter): Name = "Mounting Technology"; Value = "Surface Mount"; VariantName = "[No Variations]"
Add component (AddParameter): Name = "PackageDescription"; Value = "8-Pin Small-Outline IC, Narrow, Body 3.9 x 4.9 mm, Pitch 1.27 mm"; VariantName = "[No Variations]"
Add component (AddParameter): Name = "PackageReference"; Value = "S8+4"; VariantName = "[No Variations]"
Add component (AddParameter): Name = "PackageVersion"; Value = "Rev. D, 10/2012"; VariantName = "[No Variations]"
Add component (AddParameter): Name = "Parasite Pwr."; Value = "No"; VariantName = "[No Variations]"
Add component (AddParameter): Name = "PartNumber"; Value = "MAX31855KASA+"; VariantName = "[No Variations]"
Added Component: Designator=U11(MAXM-S8+4_M)
Add component (AddParameter): Name = "Code_JEDEC"; Value = "MS-012"; VariantName = "[No Variations]"
Add component (AddParameter): Name = "ComponentLink1Description"; Value = "Manufacturer URL"; VariantName = "[No Variations]"
Add component (AddParameter): Name = "ComponentLink1URL"; Value = "http://www.maximintegrated.com/"; VariantName = "[No Variations]"
Add component (AddParameter): Name = "ComponentLink2Description"; Value = "Datasheet"; VariantName = "[No Variations]"
Add component (AddParameter): Name = "ComponentLink2URL"; Value = "http://datasheets.maximintegrated.com/en/ds/MAX31855.pdf"; VariantName = "[No Variations]"
Add component (AddParameter): Name = "ComponentLink3Description"; Value = "Package Specification"; VariantName = "[No Variations]"
Add component (AddParameter): Name = "ComponentLink3URL"; Value = "http://pdfserv.maximintegrated.com/package_dwgs/21-0041.PDF"; VariantName = "[No Variations]"
Add component (AddParameter): Name = "DatasheetVersion"; Value = "Rev. 2"; VariantName = "[No Variations]"
Add component (AddParameter): Name = "Functions"; Value = "Thermocouple-to-Digital Converter"; VariantName = "[No Variations]"
Add component (AddParameter): Name = "Generic Part Number"; Value = "MAX31855"; VariantName = "[No Variations]"
Add component (AddParameter): Name = "Interface"; Value = "SPI"; VariantName = "[No Variations]"
Add component (AddParameter): Name = "Mounting Technology"; Value = "Surface Mount"; VariantName = "[No Variations]"
Add component (AddParameter): Name = "PackageDescription"; Value = "8-Pin Small-Outline IC, Narrow, Body 3.9 x 4.9 mm, Pitch 1.27 mm"; VariantName = "[No Variations]"
Add component (AddParameter): Name = "PackageReference"; Value = "S8+4"; VariantName = "[No Variations]"
Add component (AddParameter): Name = "PackageVersion"; Value = "Rev. D, 10/2012"; VariantName = "[No Variations]"
Add component (AddParameter): Name = "Parasite Pwr."; Value = "No"; VariantName = "[No Variations]"
Add component (AddParameter): Name = "PartNumber"; Value = "MAX31855KASA+"; VariantName = "[No Variations]"
Added Pin To Net: NetName=GND Pin=U9-1
Added Pin To Net: NetName=NetU3_110 Pin=U9-5
Added Pin To Net: NetName=NetU3_106 Pin=U9-6
Added Pin To Net: NetName=NetU3_112 Pin=U9-7
Added Pin To Net: NetName=GND Pin=U10-1
Added Pin To Net: NetName=NetU3_110 Pin=U10-5
Added Pin To Net: NetName=PTC2 Pin=U10-6
Added Pin To Net: NetName=NetU3_112 Pin=U10-7
Added Pin To Net: NetName=GND Pin=U11-1
Added Pin To Net: NetName=NetU3_110 Pin=U11-5
Added Pin To Net: NetName=PTC1 Pin=U11-6
Added Pin To Net: NetName=NetU3_112 Pin=U11-7
Added Pin To Net: NetName=+3.3V Pin=U9-4
Added Pin To Net: NetName=+3.3V Pin=U10-4
Added Pin To Net: NetName=+3.3V Pin=U11-4
Added Net: Name=+3.3V
Added Pin To Net: NetName=T1+ Pin=C16-2
Added Pin To Net: NetName=T1+ Pin=U9-3
Added Net: Name=T1+
Added Pin To Net: NetName=T1- Pin=C16-1
Added Pin To Net: NetName=T1- Pin=U9-2
Added Net: Name=T1-
Added Pin To Net: NetName=T2+ Pin=C17-2
Added Pin To Net: NetName=T2+ Pin=U10-3
Added Net: Name=T2+
Added Pin To Net: NetName=T2- Pin=C17-1
Added Pin To Net: NetName=T2- Pin=U10-2
Added Net: Name=T2-
Added Pin To Net: NetName=T3+ Pin=C18-2
Added Pin To Net: NetName=T3+ Pin=U11-3
Added Net: Name=T3+
Added Pin To Net: NetName=T3- Pin=C18-1
Added Pin To Net: NetName=T3- Pin=U11-2
Added Net: Name=T3-
Added Class: Name=Thermocouple
Added Member To Class: ClassName=CANbus Member=Component C4 GRM188R71H472KA01D
Added Member To Class: ClassName=CANbus Member=Component C5 GRM188R71H472KA01D
Added Member To Class: ClassName=CANbus Member=Component J1 1-5747150-6
Added Member To Class: ClassName=CANbus Member=Component R1 Res3
Added Member To Class: ClassName=CANbus Member=Component R2 Res3
Added Member To Class: ClassName=CANbus Member=Component R3 Res3
Added Member To Class: ClassName=CANbus Member=Component R4 Res3
Added Member To Class: ClassName=CANbus Member=Component TP1 5003
Added Member To Class: ClassName=CANbus Member=Component TP2 5003
Added Member To Class: ClassName=CANbus Member=Component TP3 5003
Added Member To Class: ClassName=CANbus Member=Component TP4 5003
Added Room: Name=Thermocouple
