Removed Member From Class: ClassName=Power Member=D1
Removed Member From Class: ClassName=Power Member=LED3
Removed Member From Class: ClassName=Power Member=LED4
Removed Member From Class: ClassName=Power Member=LED5
Removed Member From Class: ClassName=MCU Member=R9
Removed Member From Class: ClassName=Temp_Sensor Member=R13
Removed Member From Class: ClassName=Power Member=R15
Removed Member From Class: ClassName=eFuse Member=R19
Removed Member From Class: ClassName=eFuse Member=R21
Removed Member From Class: ClassName=eFuse Member=R25
Removed Member From Class: ClassName=Temp_Sensor Member=R26
Added Component: Designator=SW?(FP-EVQ-P7A01P-MFG)
Add component (AddParameter): Name = "Automotive"; Value = "No"; VariantName = "[No Variations]"
Add component (AddParameter): Name = "Category"; Value = "Switch"; VariantName = "[No Variations]"
Add component (AddParameter): Name = "ComponentLink2Description"; Value = "Datasheet"; VariantName = "[No Variations]"
Add component (AddParameter): Name = "ComponentLink2URL"; Value = "https://industrial.panasonic.com/cdbs/www-data/pdf/ATK0000/ATK0000C378.pdf"; VariantName = "[No Variations]"
Add component (AddParameter): Name = "Contact Current Rating"; Value = "50mA"; VariantName = "[No Variations]"
Add component (AddParameter): Name = "Contact Resistance"; Value = "500mO"; VariantName = "[No Variations]"
Add component (AddParameter): Name = "Device Class L1"; Value = "Electromechanical"; VariantName = "[No Variations]"
Add component (AddParameter): Name = "Device Class L2"; Value = "Switches"; VariantName = "[No Variations]"
Add component (AddParameter): Name = "Device Class L3"; Value = "Tactile Switches"; VariantName = "[No Variations]"
Add component (AddParameter): Name = "Digikey Description"; Value = "SWITCH TACTILE SPST-NO 0.05A 12V"; VariantName = "[No Variations]"
Add component (AddParameter): Name = "Electromechanical Life"; Value = "100000Cycles"; VariantName = "[No Variations]"
Add component (AddParameter): Name = "Height"; Value = "1.55mm"; VariantName = "[No Variations]"
Add component (AddParameter): Name = "Lead Free"; Value = "Yes"; VariantName = "[No Variations]"
Add component (AddParameter): Name = "Manufacturer"; Value = "Panasonic"; VariantName = "[No Variations]"
Add component (AddParameter): Name = "Manufacturer Part Number"; Value = "EVQ-P7A01P"; VariantName = "[No Variations]"
Add component (AddParameter): Name = "Mount"; Value = "Surface Mount"; VariantName = "[No Variations]"
Add component (AddParameter): Name = "Mouser Description"; Value = "SWITCH TACTILE SPST-NO 0.05A 12V"; VariantName = "[No Variations]"
Add component (AddParameter): Name = "Octopart"; Value = "https://octopart.com/evq-p7a01p-panasonic-29917075"; VariantName = "[No Variations]"
Add component (AddParameter): Name = "Operating Force"; Value = "2.2N"; VariantName = "[No Variations]"
Add component (AddParameter): Name = "Package"; Value = "EVQ-P7A01P"; VariantName = "[No Variations]"
Add component (AddParameter): Name = "RoHS"; Value = "TRUE"; VariantName = "[No Variations]"
Add component (AddParameter): Name = "Temperature"; Value = "-20°C to +70°C"; VariantName = "[No Variations]"
Add component (AddParameter): Name = "Temperature Range High"; Value = "+70°C"; VariantName = "[No Variations]"
Add component (AddParameter): Name = "Temperature Range Low"; Value = "-20°C"; VariantName = "[No Variations]"
Add component (AddParameter): Name = "Throw Configuration"; Value = "SPST-NO"; VariantName = "[No Variations]"
Add component (AddParameter): Name = "Voltage Rating Dc"; Value = "12V"; VariantName = "[No Variations]"
Added Member To Class: ClassName=Power Member=Component C25 Cap
Added Member To Class: ClassName=Power Member=Component C27 Cap
Added Member To Class: ClassName=Power Member=Component C35 CAP 22uF 6.3V 1206(3216)
Added Member To Class: ClassName=Power Member=Component C36 CAP 22uF 6.3V 1206(3216)
Added Member To Class: ClassName=Power Member=Component C37 CL10B223KB8NNWC
Added Member To Class: ClassName=CANbus Member=Component D3 NUP2105LT1G
Added Member To Class: ClassName=MCU Member=Component D4 PMEG6030EVPX
Added Member To Class: ClassName=Power Member=Component D5 PMEG6030EVPX
Added Member To Class: ClassName=Power Member=Component D6 SMAJ24A-E3/5A
Added Member To Class: ClassName=eFuse Member=Component LED1 150120YS75000
Added Member To Class: ClassName=eFuse Member=Component LED6 150120YS75000
Added Member To Class: ClassName=Power Member=Component LED7 150120VS75000
Added Member To Class: ClassName=Power Member=Component LED8 150120YS75000
Added Member To Class: ClassName=Power Member=Component LED9 150120YS75000
Added Member To Class: ClassName=Power Member=Component LED11 150120BS75000
Added Member To Class: ClassName=MCU Member=Component R7 CRCW06031K00FKEA
Added Member To Class: ClassName=MCU Member=Component R8 470
Added Member To Class: ClassName=eFuse Member=Component R10 10k
Added Member To Class: ClassName=eFuse Member=Component R12 10k
Added Member To Class: ClassName=eFuse Member=Component R14 CRCW0603680RFKEA
Added Member To Class: ClassName=eFuse Member=Component R18 CRCW0603680RFKEA
Added Member To Class: ClassName=Temp_Sensor Member=Component R20 Res3
Added Member To Class: ClassName=Temp_Sensor Member=Component R22 Res3
Added Member To Class: ClassName=Temp_Sensor Member=Component R23 Res3
Added Member To Class: ClassName=Power Member=Component R24 1.1k
Added Member To Class: ClassName=Power Member=Component R27 75
Added Member To Class: ClassName=Power Member=Component R28 75
Added Member To Class: ClassName=Power Member=Component R31 Res3
Added Member To Class: ClassName=Power Member=Component R33 Res3
Added Member To Class: ClassName=Power Member=Component R34 AT0603DRD0710KL
Added Member To Class: ClassName=MCU Member=Component SW? EVQ-P7A01P
Added Member To Class: ClassName=MCU Member=Component U3 PESD3V3L4UG
Added Member To Class: ClassName=Power Member=Component U15 TS30042-M050QFNR
