Removed Pin From Net: NetName=GND Pin=U4-7
Removed Pin From Net: NetName=SPI2_CS0 Pin=U4-8
Removed Pin From Net: NetName=MOSI2 Pin=U4-9
Removed Pin From Net: NetName=MISO2 Pin=U4-10
Removed Pin From Net: NetName=SCK2 Pin=U4-11
Removed Pin From Net: NetName=GND Pin=U4-12
Removed Pin From Net: NetName=+5V Pin=U4-13
Removed Pin From Net: NetName=+3.3V_D Pin=U4-14
Removed Pin From Net: NetName=GND Pin=U6-7
Removed Pin From Net: NetName=SPI2_CS1 Pin=U6-8
Removed Pin From Net: NetName=MOSI2 Pin=U6-9
Removed Pin From Net: NetName=MISO2 Pin=U6-10
Removed Pin From Net: NetName=SCK2 Pin=U6-11
Removed Pin From Net: NetName=GND Pin=U6-12
Removed Pin From Net: NetName=+5V Pin=U6-13
Removed Pin From Net: NetName=+3.3V_D Pin=U6-14
Removed Pin From Net: NetName=GND Pin=U9-1
Removed Pin From Net: NetName=T1- Pin=U9-2
Removed Pin From Net: NetName=T1+ Pin=U9-3
Removed Pin From Net: NetName=+3.3V_D Pin=U9-4
Removed Pin From Net: NetName=NetU2_92 Pin=U9-5
Removed Pin From Net: NetName=NetU2_91 Pin=U9-6
Removed Pin From Net: NetName=NetU2_95 Pin=U9-7
Removed Pin From Net: NetName=GND Pin=U10-1
Removed Pin From Net: NetName=T2- Pin=U10-2
Removed Pin From Net: NetName=T2+ Pin=U10-3
Removed Pin From Net: NetName=+3.3V_D Pin=U10-4
Removed Pin From Net: NetName=NetU2_92 Pin=U10-5
Removed Pin From Net: NetName=NetU2_90 Pin=U10-6
Removed Pin From Net: NetName=NetU2_95 Pin=U10-7
Removed Pin From Net: NetName=GND Pin=U11-1
Removed Pin From Net: NetName=T3- Pin=U11-2
Removed Pin From Net: NetName=T3+ Pin=U11-3
Removed Pin From Net: NetName=+3.3V_D Pin=U11-4
Removed Pin From Net: NetName=NetU2_92 Pin=U11-5
Removed Pin From Net: NetName=NetU2_9 Pin=U11-6
Removed Pin From Net: NetName=NetU2_95 Pin=U11-7
Removed Pin From Net: NetName=GND Pin=U16-1
Removed Pin From Net: NetName=T4- Pin=U16-2
Removed Pin From Net: NetName=T4+ Pin=U16-3
Removed Pin From Net: NetName=+3.3V_D Pin=U16-4
Removed Pin From Net: NetName=SCK0 Pin=U16-5
Removed Pin From Net: NetName=MISO0 Pin=U16-7
Removed Member From Class: ClassName=DAQ and Actuators Member=U4
Removed Member From Class: ClassName=DAQ and Actuators Member=U6
Removed Member From Class: ClassName=Thermocouple Member=U9
Removed Member From Class: ClassName=Thermocouple Member=U10
Removed Member From Class: ClassName=Thermocouple Member=U11
Removed Member From Class: ClassName=Thermocouple Member=U16
Added Pin To Net: NetName=T1+ Pin=U-2
Added Pin To Net: NetName=T2+ Pin=U-2
Added Pin To Net: NetName=T3+ Pin=U-2
Added Pin To Net: NetName=T4+ Pin=U-2
Added Pin To Net: NetName=T1- Pin=U-4
Added Pin To Net: NetName=T2- Pin=U-4
Added Pin To Net: NetName=T3- Pin=U-4
Added Pin To Net: NetName=T4- Pin=U-4
Added Pin To Net: NetName=+3.3V_D Pin=U-8
Added Pin To Net: NetName=+3.3V_D Pin=U-8
Added Pin To Net: NetName=+3.3V_D Pin=U-8
Added Pin To Net: NetName=+3.3V_D Pin=U-8
Added Pin To Net: NetName=+3.3V_D Pin=U-16
Added Pin To Net: NetName=+3.3V_D Pin=U-16
Added Pin To Net: NetName=GND Pin=U-16
Added Pin To Net: NetName=GND Pin=U-16
Added Pin To Net: NetName=NetU2_13 Pin=U2-13
Added Net: Name=NetU2_13
Added Pin To Net: NetName=NetU2_14 Pin=U2-14
Added Net: Name=NetU2_14
Added Pin To Net: NetName=NetU2_96 Pin=U2-96
Added Net: Name=NetU2_96
Added Pin To Net: NetName=NetU2_103 Pin=U2-103
Added Net: Name=NetU2_103
Added Pin To Net: NetName=SCL1 Pin=U-19
Added Pin To Net: NetName=SCL1 Pin=U-19
Added Net: Name=SCL1
Added Pin To Net: NetName=SCL3 Pin=U-19
Added Pin To Net: NetName=SCL3 Pin=U-19
Added Net: Name=SCL3
Added Pin To Net: NetName=SDA1 Pin=U-20
Added Pin To Net: NetName=SDA1 Pin=U-20
Added Net: Name=SDA1
Added Pin To Net: NetName=SDA3 Pin=U-20
Added Pin To Net: NetName=SDA3 Pin=U-20
Added Net: Name=SDA3
Added Member To Class: ClassName=DAQ and Actuators Member=Component * MCP33121-05
Added Member To Class: ClassName=DAQ and Actuators Member=Component * MCP33121-05
Added Member To Class: ClassName=DAQ and Actuators Member=Component * MCP33121-05
Added Member To Class: ClassName=DAQ and Actuators Member=Component U? MCP1501T-18E/CHY
Added Member To Class: ClassName=DAQ and Actuators Member=Component U? MCP6286T-E/OT
Added Member To Class: ClassName=DAQ and Actuators Member=Component U? MCP6286T-E/OT
Added Member To Class: ClassName=DAQ and Actuators Member=Component U? MCP6286T-E/OT
Added Member To Class: ClassName=Thermocouple Member=Component U MCP96001-E/MX
Added Member To Class: ClassName=Thermocouple Member=Component U MCP96001-E/MX
Added Member To Class: ClassName=Thermocouple Member=Component U MCP96001-E/MX
