Removed Pin From Net: NetName=Vout_a2 Pin=J4-1
Removed Pin From Net: NetName=Vout_b2 Pin=J5-1
Removed Pin From Net: NetName=Vout_c2 Pin=J6-1
Removed Pin From Net: NetName=Vout_c1 Pin=J6-2
Removed Pin From Net: NetName=GND Pin=J6-3
Removed Pin From Net: NetName=MISO2 Pin=U7-8
Removed Pin From Net: NetName=MISO0 Pin=U8-7
Added Pin To Net: NetName=GND Pin=J4-1
Added Pin To Net: NetName=GND Pin=J4-5
Added Pin To Net: NetName=Vout_a2 Pin=J4-6
Added Pin To Net: NetName=GND Pin=J4-7
Added Pin To Net: NetName=GND Pin=J5-1
Added Pin To Net: NetName=GND Pin=J5-5
Added Pin To Net: NetName=Vout_b2 Pin=J5-6
Added Pin To Net: NetName=GND Pin=J5-7
Added Pin To Net: NetName=Vout_c1 Pin=J6-1
Added Pin To Net: NetName=GND Pin=J6-2
Added Pin To Net: NetName=Vout_c2 Pin=J6-3
Added Pin To Net: NetName=GND Pin=J6-4
Added Pin To Net: NetName=MISO0 Pin=U7-8
Added Pin To Net: NetName=MISO2 Pin=U8-7
Added Pin To Net: NetName=NetJ4_4 Pin=J4-4
Added Pin To Net: NetName=NetJ4_4 Pin=U9-1
Added Net: Name=NetJ4_4
Added Pin To Net: NetName=NetJ4_8 Pin=J4-8
Added Pin To Net: NetName=NetJ4_8 Pin=U9-3
Added Net: Name=NetJ4_8
Added Pin To Net: NetName=NetJ5_4 Pin=J5-4
Added Pin To Net: NetName=NetJ5_4 Pin=U14-1
Added Net: Name=NetJ5_4
Added Pin To Net: NetName=NetJ5_8 Pin=J5-8
Added Pin To Net: NetName=NetJ5_8 Pin=U14-3
Added Net: Name=NetJ5_8
Added Member To Class: ClassName=eFuse Member=Component C30 GRM21BR71E105KA99L
