Removed Pin From Net: NetName=+5 Pin=C1-2
Removed Pin From Net: NetName=+5 Pin=C2-2
Removed Pin From Net: NetName=+5 Pin=D3-1
Removed Pin From Net: NetName=+5_USB Pin=D3-2
Removed Pin From Net: NetName=+5 Pin=D4-1
Removed Pin From Net: NetName=+5_USB Pin=D4-2
Removed Pin From Net: NetName=+5 Pin=D5-1
Removed Pin From Net: NetName=+5_USB Pin=D5-2
Removed Pin From Net: NetName=NetC35_2 Pin=D6-1
Removed Pin From Net: NetName=GND Pin=D6-2
Removed Pin From Net: NetName=+5 Pin=R21-1
Removed Pin From Net: NetName=+5 Pin=U1-3
Removed Pin From Net: NetName=+24 Pin=U14-11
Removed Member From Class: ClassName=Power Member=D4
Removed Member From Class: ClassName=Power Member=D6
Added Component: Designator=D(DIO_PMEG6030EVPX)
Add component (AddParameter): Name = "Availability"; Value = "Unavailable"; VariantName = "[No Variations]"
Add component (AddParameter): Name = "MF"; Value = "Nexperia USA"; VariantName = "[No Variations]"
Add component (AddParameter): Name = "MP"; Value = "PMEG6030EVPX"; VariantName = "[No Variations]"
Add component (AddParameter): Name = "Package"; Value = "SOD-128 Nexperia"; VariantName = "[No Variations]"
Add component (AddParameter): Name = "Price"; Value = "None"; VariantName = "[No Variations]"
Add component (AddParameter): Name = "SnapEDA_Link"; Value = "https://www.snapeda.com/parts/PMEG6030EVPX/Nexperia%20USA%20Inc./view-part/2755440/?ref=snap"; VariantName = "[No Variations]"
Add component (AddParameter): Name = "Value"; Value = ""; VariantName = "[No Variations]"
Added Pin To Net: NetName=NetC35_2 Pin=D3-1
Added Pin To Net: NetName=GND Pin=D3-2
Added Pin To Net: NetName=+5 Pin=D-1
Added Pin To Net: NetName=+5_USB Pin=D-2
Added Pin To Net: NetName=+5 Pin=U4-13
Added Pin To Net: NetName=+5 Pin=U5-8
Added Pin To Net: NetName=+5 Pin=U6-13
Added Pin To Net: NetName=+5 Pin=U7-8
Added Pin To Net: NetName=+24V Pin=U14-11
Change Net Name : Old Net Name=+5 New Net Name=+5V
Change Net Name : Old Net Name=+5_USB New Net Name=+5V_USB
Added Pin To Net: NetName=+5_USB Pin=D5-2
Added Net: Name=+5_USB
Added Pin To Net: NetName=+5 Pin=C1-2
Added Pin To Net: NetName=+5 Pin=C2-2
Added Pin To Net: NetName=+5 Pin=D5-1
Added Pin To Net: NetName=+5 Pin=R21-1
Added Pin To Net: NetName=+5 Pin=U1-3
Added Net: Name=+5
Added Member To Class: ClassName=MCU Member=Component D PMEG6030EVPX
