Removed Pin From Net: NetName=+3.3V_D Pin=P1-1
Removed Pin From Net: NetName=GND Pin=P1-3
Removed Pin From Net: NetName=+3.3V_A Pin=U2-8
Removed Pin From Net: NetName=GND Pin=U2-9
Removed Pin From Net: NetName=+3.3V_D Pin=U2-21
Removed Pin From Net: NetName=GND Pin=U2-24
Removed Pin From Net: NetName=GND Pin=U2-33
Removed Pin From Net: NetName=+3.3V_D Pin=U2-34
Removed Pin From Net: NetName=+3.3V_D Pin=U2-42
Removed Pin From Net: NetName=GND Pin=U2-43
Removed Pin From Net: NetName=+3.3V_D Pin=U2-56
Removed Pin From Net: NetName=GND Pin=U2-57
Removed Pin From Net: NetName=GND Pin=U2-66
Removed Pin From Net: NetName=+3.3V_D Pin=U2-67
Removed Pin From Net: NetName=PG Pin=U2-74
Removed Pin From Net: NetName=CAN2_STBN Pin=U2-75
Removed Pin From Net: NetName=CAN1_STBN Pin=U2-76
Removed Pin From Net: NetName=+3.3V_D Pin=U2-77
Removed Pin From Net: NetName=GND Pin=U2-78
Change Component Footprint: Designator=P1 Old Footprint=SMTC-FTSH-105-01-L-DV-K_V New Footprint=HDR1X3
Change Component Footprint: Designator=U2 Old Footprint=SOT315-1_V New Footprint=QFN-16_3X3X0.65
Change Component Comment : Designator=P1 Old Comment=FTSH-105-01-L-DV-K New Comment=Header 3
Change Component Comment : Designator=U2 Old Comment=LPC1756FBD80 New Comment=Part Number: MKL02Z32VFG4
Change Managed Component Library Link : Designator=P1 Old VaultGUID=B7D15EC3-160A-466F-A46C-7801FE6295A7 New VaultGUID= Old ItemGUID=CBE2778B-B9F7-4344-A5BD-843804F8741D New ItemGUID= Old RevisionGUID=4CD692F4-F42D-4A78-A8A6-31CE97243918 New RevisionGUID=
Change Managed Component Library Link : Designator=U2 Old VaultGUID=B7D15EC3-160A-466F-A46C-7801FE6295A7 New VaultGUID= Old ItemGUID=983A101C-1647-4F89-83F9-19C01221959D New ItemGUID= Old RevisionGUID=E25786A4-4D53-47A5-A470-05B83003CDAC New RevisionGUID=
Change component parameters: Designator = "P1" ("P1"); Footprint = "SMTC-FTSH-105-01-L-DV-K_V"; UniqueID = "\LWJYEUSI\SZSOAGYI" ("\LWJYEUSI\SZSOAGYI")
Change component parameters (AddParameter): Name = "LatestRevisionDate"; Value = "17-Jul-2002"; VariantName = "[No Variations]"
Change component parameters (AddParameter): Name = "LatestRevisionNote"; Value = "Re-released for DXP Platform."; VariantName = "[No Variations]"
Change component parameters (AddParameter): Name = "Publisher"; Value = "Altium Limited"; VariantName = "[No Variations]"
Change component parameters: Designator = "U2" ("U2"); Footprint = "SOT315-1_V"; UniqueID = "\LWJYEUSI\PIJVZGKB" ("\LWJYEUSI\PIJVZGKB")
Change component parameters (AddParameter): Name = "ComponentLink1Description"; Value = "Order from here"; VariantName = "[No Variations]"
Change component parameters (AddParameter): Name = "ComponentLink1URL"; Value = "https://www.pjrc.com/store/ic_mkl02.html"; VariantName = "[No Variations]"
Change component parameters (AddParameter): Name = "Copyright"; Value = "Copyright (C) 2016 Accelerated Designs. All rights reserved"; VariantName = "[No Variations]"
Change component parameters (AddParameter): Name = "CPU"; Value = "ARM Cortex-M0+"; VariantName = "[No Variations]"
Change component parameters (AddParameter): Name = "Flash_KB"; Value = "32"; VariantName = "[No Variations]"
Change component parameters (AddParameter): Name = "Manufacturer_Part_Number"; Value = "MKL02Z32VFG4"; VariantName = "[No Variations]"
Change component parameters (AddParameter): Name = "Max_Frequency"; Value = "48"; VariantName = "[No Variations]"
Change component parameters (AddParameter): Name = "Package"; Value = "QFN"; VariantName = "[No Variations]"
Change component parameters (AddParameter): Name = "Pin_Count"; Value = "16"; VariantName = "[No Variations]"
Change component parameters (AddParameter): Name = "RefDes"; Value = "RefDes"; VariantName = "[No Variations]"
Change component parameters (AddParameter): Name = "SRAM_KB"; Value = "4"; VariantName = "[No Variations]"
Change component parameters (AddParameter): Name = "Type"; Value = "DEV"; VariantName = "[No Variations]"
Change component parameters (AddParameter): Name = "Value"; Value = "Value"; VariantName = "[No Variations]"
Change component parameters (AddParameter): Name = "Vendor"; Value = "NXP"; VariantName = "[No Variations]"
Added Component: Designator=*1(98ASS23177W)
Added Component: Designator=P2(HDR1X3)
Add component (AddParameter): Name = "LatestRevisionDate"; Value = "17-Jul-2002"; VariantName = "[No Variations]"
Add component (AddParameter): Name = "LatestRevisionNote"; Value = "Re-released for DXP Platform."; VariantName = "[No Variations]"
Add component (AddParameter): Name = "Publisher"; Value = "Altium Limited"; VariantName = "[No Variations]"
Added Component: Designator=P3(HDR1X3)
Add component (AddParameter): Name = "LatestRevisionDate"; Value = "17-Jul-2002"; VariantName = "[No Variations]"
Add component (AddParameter): Name = "LatestRevisionNote"; Value = "Re-released for DXP Platform."; VariantName = "[No Variations]"
Add component (AddParameter): Name = "Publisher"; Value = "Altium Limited"; VariantName = "[No Variations]"
Added Component: Designator=P5(HDR1X3)
Add component (AddParameter): Name = "LatestRevisionDate"; Value = "17-Jul-2002"; VariantName = "[No Variations]"
Add component (AddParameter): Name = "LatestRevisionNote"; Value = "Re-released for DXP Platform."; VariantName = "[No Variations]"
Add component (AddParameter): Name = "Publisher"; Value = "Altium Limited"; VariantName = "[No Variations]"
Added Component: Designator=P6(HDR1X3)
Add component (AddParameter): Name = "LatestRevisionDate"; Value = "17-Jul-2002"; VariantName = "[No Variations]"
Add component (AddParameter): Name = "LatestRevisionNote"; Value = "Re-released for DXP Platform."; VariantName = "[No Variations]"
Add component (AddParameter): Name = "Publisher"; Value = "Altium Limited"; VariantName = "[No Variations]"
Added Pin To Net: NetName=CAN1_STBN Pin=*1-47
Added Pin To Net: NetName=CAN2_STBN Pin=*1-63
Added Pin To Net: NetName=GND Pin=*1-134
Added Pin To Net: NetName=3.3V Pin=U2-1
Added Pin To Net: NetName=GND Pin=U2-2
Added Pin To Net: NetName=GND Pin=U2-17
Added Pin To Net: NetName=+3.3V Pin=*1-5
Added Pin To Net: NetName=+3.3V Pin=*1-16
Added Pin To Net: NetName=+3.3V Pin=*1-135
Added Net: Name=+3.3V
Added Pin To Net: NetName=BReset_b Pin=P2-1
Added Pin To Net: NetName=BReset_b Pin=U2-4
Added Pin To Net: NetName=BReset_b Pin=U2-13
Added Net: Name=BReset_b
Added Pin To Net: NetName=BSWCLK Pin=P5-1
Added Pin To Net: NetName=BSWCLK Pin=U2-8
Added Net: Name=BSWCLK
Added Pin To Net: NetName=BSWDIO Pin=P6-1
Added Pin To Net: NetName=BSWDIO Pin=U2-7
Added Net: Name=BSWDIO
Added Pin To Net: NetName=BSWO Pin=P3-1
Added Pin To Net: NetName=BSWO Pin=U2-9
Added Net: Name=BSWO
Added Pin To Net: NetName=Net*1_40 Pin=*1-40
Added Net: Name=Net*1_40
Added Pin To Net: NetName=Net*1_41 Pin=*1-41
Added Net: Name=Net*1_41
Added Pin To Net: NetName=Net*1_45 Pin=*1-45
Added Pin To Net: NetName=Net*1_45 Pin=U1-1
Added Net: Name=Net*1_45
Added Pin To Net: NetName=Net*1_46 Pin=*1-46
Added Pin To Net: NetName=Net*1_46 Pin=U1-4
Added Net: Name=Net*1_46
Added Pin To Net: NetName=Net*1_64 Pin=*1-64
Added Pin To Net: NetName=Net*1_64 Pin=U1-6
Added Net: Name=Net*1_64
Added Pin To Net: NetName=Net*1_65 Pin=*1-65
Added Pin To Net: NetName=Net*1_65 Pin=U1-7
Added Net: Name=Net*1_65
Added Pin To Net: NetName=Net*1_72 Pin=*1-72
Added Net: Name=Net*1_72
Added Pin To Net: NetName=Net*1_73 Pin=*1-73
Added Net: Name=Net*1_73
Added Pin To Net: NetName=Net*1_109 Pin=*1-109
Added Pin To Net: NetName=Net*1_109 Pin=U6-3
Added Net: Name=Net*1_109
Added Pin To Net: NetName=Net*1_110 Pin=*1-110
Added Pin To Net: NetName=Net*1_110 Pin=U6-4
Added Net: Name=Net*1_110
Added Pin To Net: NetName=Net*1_111 Pin=*1-111
Added Pin To Net: NetName=Net*1_111 Pin=U6-5
Added Net: Name=Net*1_111
Added Pin To Net: NetName=Net*1_112 Pin=*1-112
Added Pin To Net: NetName=Net*1_112 Pin=U6-7
Added Net: Name=Net*1_112
Added Pin To Net: NetName=NetP1_1 Pin=P1-1
Added Pin To Net: NetName=NetP1_1 Pin=U2-6
Added Net: Name=NetP1_1
Added Pin To Net: NetName=NetP3_3 Pin=P3-3
Added Net: Name=NetP3_3
Added Pin To Net: NetName=NetP4_7 Pin=P5-3
Added Net: Name=NetP4_7
Added Pin To Net: NetName=NetP4_9 Pin=P6-3
Added Net: Name=NetP4_9
Added Pin To Net: NetName=NetSW1_2 Pin=U2-10
Added Net: Name=NetSW1_2
Added Pin To Net: NetName=PTA0 Pin=*1-50
Added Pin To Net: NetName=PTA0 Pin=P5-2
Added Net: Name=PTA0
Added Pin To Net: NetName=PTA1 Pin=*1-51
Added Pin To Net: NetName=PTA1 Pin=P1-2
Added Net: Name=PTA1
Added Pin To Net: NetName=PTA2 Pin=*1-52
Added Pin To Net: NetName=PTA2 Pin=P3-2
Added Net: Name=PTA2
Added Pin To Net: NetName=PTA3 Pin=*1-53
Added Pin To Net: NetName=PTA3 Pin=P6-2
Added Net: Name=PTA3
Added Pin To Net: NetName=Reset_b Pin=*1-74
Added Pin To Net: NetName=Reset_b Pin=P2-2
Added Pin To Net: NetName=Reset_b Pin=P2-3
Added Net: Name=Reset_b
Added Member To Class: ClassName=MCU Member=Component *1 Component_1
Added Member To Class: ClassName=MCU Member=Component P2 Header 3
Added Member To Class: ClassName=MCU Member=Component P3 Header 3
Added Member To Class: ClassName=MCU Member=Component P5 Header 3
Added Member To Class: ClassName=MCU Member=Component P6 Header 3
