Removed Pin From Net: NetName=GND Pin=C6-1
Removed Pin From Net: NetName=+3.3V_D Pin=C6-2
Removed Pin From Net: NetName=AGND Pin=C7-1
Removed Pin From Net: NetName=AGND Pin=C8-1
Removed Pin From Net: NetName=GND Pin=C26-1
Removed Pin From Net: NetName=+5V Pin=C26-2
Removed Pin From Net: NetName=GND Pin=C27-1
Removed Pin From Net: NetName=+3.3V_D Pin=FB1-1
Removed Pin From Net: NetName=AGND Pin=FB2-1
Removed Pin From Net: NetName=GND Pin=FB2-2
Removed Pin From Net: NetName=GND Pin=R27-1
Removed Pin From Net: NetName=+5V Pin=U13-1
Removed Pin From Net: NetName=GND Pin=U13-2
Removed Pin From Net: NetName=+5V Pin=U13-3
Removed Member From Class: ClassName=MCU Member=C6
Removed Member From Class: ClassName=MCU Member=C7
Removed Member From Class: ClassName=MCU Member=C8
Removed Member From Class: ClassName=Power Member=C26
Removed Member From Class: ClassName=Power Member=C27
Removed Member From Class: ClassName=MCU Member=FB1
Removed Member From Class: ClassName=MCU Member=FB2
Removed Member From Class: ClassName=Power Member=LED10
Removed Member From Class: ClassName=MCU Member=R8
Removed Member From Class: ClassName=Power Member=R27
Removed Member From Class: ClassName=Power Member=TP4
Removed Member From Class: ClassName=Power Member=U13
Added Pin To Net: NetName=+3.3V_D Pin=U2-31
Added Pin To Net: NetName=+3.3V_D Pin=U2-32
