Removed Pin From Net: NetName=PTE5 Pin=*3-10
Removed Pin From Net: NetName=PTE2 Pin=*3-11
Removed Pin From Net: NetName=PTE3 Pin=*3-12
Removed Pin From Net: NetName=+3.3V_D Pin=*3-13
Removed Pin From Net: NetName=PTE1 Pin=*3-16
Removed Pin From Net: NetName=GND Pin=*3-17
Removed Pin From Net: NetName=Vout_c2 Pin=*3-19
Removed Pin From Net: NetName=Vout_c1 Pin=*3-20
Removed Pin From Net: NetName=+24V Pin=*3-21
Removed Pin From Net: NetName=GND Pin=C17-1
Removed Pin From Net: NetName=Vout_c2 Pin=C17-2
Removed Pin From Net: NetName=GND Pin=C18-1
Removed Pin From Net: NetName=Vout_c1 Pin=C18-2
Removed Pin From Net: NetName=Vout_b2 Pin=J2-3
Removed Pin From Net: NetName=Vout_b1 Pin=J2-4
Removed Pin From Net: NetName=Vout_c2 Pin=J2-6
Removed Pin From Net: NetName=Vout_c1 Pin=J2-7
Removed Pin From Net: NetName=Vout_d2 Pin=J2-8
Removed Pin From Net: NetName=Vout_d1 Pin=J2-9
Removed Member From Class: ClassName=eFuse Member=*3
Removed Member From Class: ClassName=eFuse Member=C17
Removed Member From Class: ClassName=eFuse Member=C18
Added Component: Designator=J3(FP-1-5747150-6-MFG)
Add component (AddParameter): Name = "Automotive"; Value = "No"; VariantName = "[No Variations]"
Add component (AddParameter): Name = "Category"; Value = "Conn"; VariantName = "[No Variations]"
Add component (AddParameter): Name = "ComponentLink2Description"; Value = "Datasheet"; VariantName = "[No Variations]"
Add component (AddParameter): Name = "ComponentLink2URL"; Value = "https://www.te.com/usa-en/product-1-5747150-6.html?te_bu=Cor&te_type=other&te_campaign=oct_glo_cor-oct-global-oth-prtnr-fy19-oct-octo-buy-bom_sma-298_2&elqCampaignId=35216"; VariantName = "[No Variations]"
Add component (AddParameter): Name = "Conn Gender"; Value = "Female"; VariantName = "[No Variations]"
Add component (AddParameter): Name = "Conn Orientation"; Value = "Vertical"; VariantName = "[No Variations]"
Add component (AddParameter): Name = "Contact Material"; Value = "Gold,Nickel"; VariantName = "[No Variations]"
Add component (AddParameter): Name = "Current Rating"; Value = "6A"; VariantName = "[No Variations]"
Add component (AddParameter): Name = "Device Class L1"; Value = "Connectors"; VariantName = "[No Variations]"
Add component (AddParameter): Name = "Device Class L2"; Value = "D-Sub Connectors"; VariantName = "[No Variations]"
Add component (AddParameter): Name = "Device Class L3"; Value = "unset"; VariantName = "[No Variations]"
Add component (AddParameter): Name = "Digikey Description"; Value = "CONN D-SUB RCPT 9POS VERT SOLDER"; VariantName = "[No Variations]"
Add component (AddParameter): Name = "Height"; Value = "12.54mm"; VariantName = "[No Variations]"
Add component (AddParameter): Name = "Is Female"; Value = "yes"; VariantName = "[No Variations]"
Add component (AddParameter): Name = "Lead Free"; Value = "Yes"; VariantName = "[No Variations]"
Add component (AddParameter): Name = "Manufacturer"; Value = "TE Connectivity"; VariantName = "[No Variations]"
Add component (AddParameter): Name = "Manufacturer Part Number"; Value = "1-5747150-6"; VariantName = "[No Variations]"
Add component (AddParameter): Name = "Mouser Description"; Value = "D-Sub Standard Connectors RECP FRNT MTL SHL 9P female screwlocks"; VariantName = "[No Variations]"
Add component (AddParameter): Name = "Number Of Contacts"; Value = "9"; VariantName = "[No Variations]"
Add component (AddParameter): Name = "Octopart"; Value = "https://octopart.com/1-5747150-6-te+connectivity-39500344"; VariantName = "[No Variations]"
Add component (AddParameter): Name = "Package"; Value = "1-5747150-6"; VariantName = "[No Variations]"
Add component (AddParameter): Name = "Pitch"; Value = "2.74mm"; VariantName = "[No Variations]"
Add component (AddParameter): Name = "RoHS"; Value = "TRUE"; VariantName = "[No Variations]"
Add component (AddParameter): Name = "Shielding"; Value = "false"; VariantName = "[No Variations]"
Add component (AddParameter): Name = "Temperature"; Value = "-55°C to +105°C"; VariantName = "[No Variations]"
Add component (AddParameter): Name = "Temperature Range High"; Value = "+105°C"; VariantName = "[No Variations]"
Add component (AddParameter): Name = "Temperature Range Low"; Value = "-55°C"; VariantName = "[No Variations]"
Added Component: Designator=J?(FP-1-5747150-6-MFG)
Add component (AddParameter): Name = "Automotive"; Value = "No"; VariantName = "[No Variations]"
Add component (AddParameter): Name = "Category"; Value = "Conn"; VariantName = "[No Variations]"
Add component (AddParameter): Name = "ComponentLink2Description"; Value = "Datasheet"; VariantName = "[No Variations]"
Add component (AddParameter): Name = "ComponentLink2URL"; Value = "https://www.te.com/usa-en/product-1-5747150-6.html?te_bu=Cor&te_type=other&te_campaign=oct_glo_cor-oct-global-oth-prtnr-fy19-oct-octo-buy-bom_sma-298_2&elqCampaignId=35216"; VariantName = "[No Variations]"
Add component (AddParameter): Name = "Conn Gender"; Value = "Female"; VariantName = "[No Variations]"
Add component (AddParameter): Name = "Conn Orientation"; Value = "Vertical"; VariantName = "[No Variations]"
Add component (AddParameter): Name = "Contact Material"; Value = "Gold,Nickel"; VariantName = "[No Variations]"
Add component (AddParameter): Name = "Current Rating"; Value = "6A"; VariantName = "[No Variations]"
Add component (AddParameter): Name = "Device Class L1"; Value = "Connectors"; VariantName = "[No Variations]"
Add component (AddParameter): Name = "Device Class L2"; Value = "D-Sub Connectors"; VariantName = "[No Variations]"
Add component (AddParameter): Name = "Device Class L3"; Value = "unset"; VariantName = "[No Variations]"
Add component (AddParameter): Name = "Digikey Description"; Value = "CONN D-SUB RCPT 9POS VERT SOLDER"; VariantName = "[No Variations]"
Add component (AddParameter): Name = "Height"; Value = "12.54mm"; VariantName = "[No Variations]"
Add component (AddParameter): Name = "Is Female"; Value = "yes"; VariantName = "[No Variations]"
Add component (AddParameter): Name = "Lead Free"; Value = "Yes"; VariantName = "[No Variations]"
Add component (AddParameter): Name = "Manufacturer"; Value = "TE Connectivity"; VariantName = "[No Variations]"
Add component (AddParameter): Name = "Manufacturer Part Number"; Value = "1-5747150-6"; VariantName = "[No Variations]"
Add component (AddParameter): Name = "Mouser Description"; Value = "D-Sub Standard Connectors RECP FRNT MTL SHL 9P female screwlocks"; VariantName = "[No Variations]"
Add component (AddParameter): Name = "Number Of Contacts"; Value = "9"; VariantName = "[No Variations]"
Add component (AddParameter): Name = "Octopart"; Value = "https://octopart.com/1-5747150-6-te+connectivity-39500344"; VariantName = "[No Variations]"
Add component (AddParameter): Name = "Package"; Value = "1-5747150-6"; VariantName = "[No Variations]"
Add component (AddParameter): Name = "Pitch"; Value = "2.74mm"; VariantName = "[No Variations]"
Add component (AddParameter): Name = "RoHS"; Value = "TRUE"; VariantName = "[No Variations]"
Add component (AddParameter): Name = "Shielding"; Value = "false"; VariantName = "[No Variations]"
Add component (AddParameter): Name = "Temperature"; Value = "-55°C to +105°C"; VariantName = "[No Variations]"
Add component (AddParameter): Name = "Temperature Range High"; Value = "+105°C"; VariantName = "[No Variations]"
Add component (AddParameter): Name = "Temperature Range Low"; Value = "-55°C"; VariantName = "[No Variations]"
Added Component: Designator=U?(21-100030A_T1623CN+1_MXM)
Add component (AddParameter): Name = "Copyright"; Value = "Copyright (C) 2018 Accelerated Designs. All rights reserved"; VariantName = "[No Variations]"
Add component (AddParameter): Name = "Manufacturer_Part_Number"; Value = "MAX11192ATE+"; VariantName = "[No Variations]"
Add component (AddParameter): Name = "RefDes"; Value = "RefDes"; VariantName = "[No Variations]"
Add component (AddParameter): Name = "SourceLibrary"; Value = "Maxim_2019-05-07"; VariantName = "[No Variations]"
Add component (AddParameter): Name = "Type"; Value = "DEV"; VariantName = "[No Variations]"
Add component (AddParameter): Name = "Vendor"; Value = "Maxim Integrated Products"; VariantName = "[No Variations]"
Added Pin To Net: NetName=Vout_c2 Pin=J3-1
Added Pin To Net: NetName=Vout_c1 Pin=J3-2
Added Pin To Net: NetName=Vout_b2 Pin=J?-1
Added Pin To Net: NetName=Vout_b1 Pin=J?-2
Added Pin To Net: NetName=Sensor_a1 Pin=J2-6
Added Net: Name=Sensor_a1
Added Pin To Net: NetName=Sensor_a2 Pin=J2-7
Added Net: Name=Sensor_a2
Added Pin To Net: NetName=Sensor_b1 Pin=J?-6
Added Net: Name=Sensor_b1
Added Pin To Net: NetName=Sensor_b2 Pin=J?-7
Added Net: Name=Sensor_b2
Added Pin To Net: NetName=Sensor_c1 Pin=J3-6
Added Net: Name=Sensor_c1
Added Pin To Net: NetName=Sensor_c2 Pin=J3-7
Added Net: Name=Sensor_c2
Added Member To Class: ClassName=eFuse Member=Component J3 1-5747150-6
Added Member To Class: ClassName=eFuse Member=Component J? 1-5747150-6
Added Member To Class: ClassName=eFuse Member=Component U? MAX11192ATE+
