Removed Pin From Net: NetName=GND Pin=J1-1
Removed Pin From Net: NetName=+7s_IN Pin=J1-2
Removed Pin From Net: NetName=GND Pin=J1-3
Removed Pin From Net: NetName=CAN1_N Pin=J1-5
Removed Pin From Net: NetName=CAN1_P Pin=J1-6
Removed Pin From Net: NetName=+7s_IN Pin=J1-8
Removed Pin From Net: NetName=GND Pin=J4-1
Removed Pin From Net: NetName=+7s_IN Pin=J4-2
Removed Pin From Net: NetName=GND Pin=J4-3
Removed Pin From Net: NetName=CAN2_N Pin=J4-5
Removed Pin From Net: NetName=CAN2_P Pin=J4-6
Removed Pin From Net: NetName=+7s_IN Pin=J4-8
Added Pin To Net: NetName=CAN1_N Pin=J1-1
Added Pin To Net: NetName=CAN1_P Pin=J1-2
Added Pin To Net: NetName=+7s_IN Pin=J1-3
Added Pin To Net: NetName=+7s_IN Pin=J1-5
Added Pin To Net: NetName=GND Pin=J1-6
Added Pin To Net: NetName=GND Pin=J1-8
Added Pin To Net: NetName=GND Pin=J1-9
Added Pin To Net: NetName=CAN2_N Pin=J4-1
Added Pin To Net: NetName=CAN2_P Pin=J4-2
Added Pin To Net: NetName=+7s_IN Pin=J4-3
Added Pin To Net: NetName=+7s_IN Pin=J4-5
Added Pin To Net: NetName=GND Pin=J4-6
Added Pin To Net: NetName=GND Pin=J4-8
Added Pin To Net: NetName=GND Pin=J4-9
Added Member To Class: ClassName=24VRegs Member=Component U19 171032401
