Change Component Footprint: Designator=C47 Old Footprint=NIC-CAPA2-6.3X7.7_V New Footprint=NIC-CAPA2-6.3X5.8_V
Change Component Footprint: Designator=C48 Old Footprint=NIC-CAPA2-6.3X7.7_V New Footprint=NIC-CAPA2-6.3X5.8_V
Change Component Footprint: Designator=C55 Old Footprint=NIC-CAPA2-6.3X7.7_V New Footprint=NIC-CAPA2-6.3X5.8_V
Change Component Footprint: Designator=C56 Old Footprint=NIC-CAPA2-6.3X7.7_V New Footprint=NIC-CAPA2-6.3X5.8_V
Change Component Comment : Designator=C47 Old Comment=UUD1H330MCL1GS New Comment=UUD1V330MCL1GS
Change Component Comment : Designator=C48 Old Comment=UUD1H330MCL1GS New Comment=UUD1V330MCL1GS
Change Component Comment : Designator=C55 Old Comment=UUD1H330MCL1GS New Comment=UUD1V330MCL1GS
Change Component Comment : Designator=C56 Old Comment=UUD1H330MCL1GS New Comment=UUD1V330MCL1GS
Change Managed Component Library Link : Designator=C47 Old VaultGUID=B7D15EC3-160A-466F-A46C-7801FE6295A7 New VaultGUID=B7D15EC3-160A-466F-A46C-7801FE6295A7 Old ItemGUID=6B30E499-1188-4258-BB52-C13DDA87A23B New ItemGUID=4726F2C2-8457-49BA-AB3F-CEAEFB48B6A3 Old RevisionGUID=319A3B73-1E96-458B-B7DD-94AD11BDB101 New RevisionGUID=CA2E3DF7-EEED-411F-8FB5-DB6D1698DFB7
Change Managed Component Library Link : Designator=C48 Old VaultGUID=B7D15EC3-160A-466F-A46C-7801FE6295A7 New VaultGUID=B7D15EC3-160A-466F-A46C-7801FE6295A7 Old ItemGUID=6B30E499-1188-4258-BB52-C13DDA87A23B New ItemGUID=4726F2C2-8457-49BA-AB3F-CEAEFB48B6A3 Old RevisionGUID=319A3B73-1E96-458B-B7DD-94AD11BDB101 New RevisionGUID=CA2E3DF7-EEED-411F-8FB5-DB6D1698DFB7
Change Managed Component Library Link : Designator=C55 Old VaultGUID=B7D15EC3-160A-466F-A46C-7801FE6295A7 New VaultGUID=B7D15EC3-160A-466F-A46C-7801FE6295A7 Old ItemGUID=6B30E499-1188-4258-BB52-C13DDA87A23B New ItemGUID=4726F2C2-8457-49BA-AB3F-CEAEFB48B6A3 Old RevisionGUID=319A3B73-1E96-458B-B7DD-94AD11BDB101 New RevisionGUID=CA2E3DF7-EEED-411F-8FB5-DB6D1698DFB7
Change Managed Component Library Link : Designator=C56 Old VaultGUID=B7D15EC3-160A-466F-A46C-7801FE6295A7 New VaultGUID=B7D15EC3-160A-466F-A46C-7801FE6295A7 Old ItemGUID=6B30E499-1188-4258-BB52-C13DDA87A23B New ItemGUID=4726F2C2-8457-49BA-AB3F-CEAEFB48B6A3 Old RevisionGUID=319A3B73-1E96-458B-B7DD-94AD11BDB101 New RevisionGUID=CA2E3DF7-EEED-411F-8FB5-DB6D1698DFB7
Change component parameters: Designator = "C47" ("C47"); Footprint = "NIC-CAPA2-6.3X7.7_V"; UniqueID = "\QLQZCUQR\DDOMQWPV" ("\QLQZCUQR\DDOMQWPV")
Change component parameters (AddParameter): Name = "ComponentLink1Description"; Value = "Manufacturer URL"; VariantName = "[No Variations]"
Change component parameters (AddParameter): Name = "ComponentLink1URL"; Value = "http://www.nichicon.co.jp/"; VariantName = "[No Variations]"
Change component parameters (AddParameter): Name = "ComponentLink2Description"; Value = "Datasheet"; VariantName = "[No Variations]"
Change component parameters (AddParameter): Name = "ComponentLink2URL"; Value = "http://products.nichicon.co.jp/en/pdf/XJA043/e-ud.pdf"; VariantName = "[No Variations]"
Change component parameters (AddParameter): Name = "ComponentLink3Description"; Value = "Package Specification"; VariantName = "[No Variations]"
Change component parameters (AddParameter): Name = "ComponentLink3URL"; Value = "http://products.nichicon.co.jp/en/pdf/XJA043/e-ud.pdf"; VariantName = "[No Variations]"
Change component parameters (AddParameter): Name = "DatasheetVersion"; Value = "08/2012"; VariantName = "[No Variations]"
Change component parameters (AddParameter): Name = "Diameter"; Value = "6.3 mm"; VariantName = "[No Variations]"
Change component parameters (AddParameter): Name = "Endurance Time"; Value = "2000 h"; VariantName = "[No Variations]"
Change component parameters (AddParameter): Name = "Impedance"; Value = "0.44 Ohm"; VariantName = "[No Variations]"
Change component parameters (AddParameter): Name = "Length"; Value = "5.8 mm"; VariantName = "[No Variations]"
Change component parameters (AddParameter): Name = "Manufacturer"; Value = "Nichicon"; VariantName = "[No Variations]"
Change component parameters (AddParameter): Name = "Mounting Technology"; Value = "Surface Mount"; VariantName = "[No Variations]"
Change component parameters (AddParameter): Name = "PackageDescription"; Value = "2-Pin Surface Mount Device, Diameter 6.3 mm, Height 5.8 mm, Pitch 5.4 mm"; VariantName = "[No Variations]"
Change component parameters (AddParameter): Name = "PackageReference"; Value = "CAPAE-D6.3H5.8"; VariantName = "[No Variations]"
Change component parameters (AddParameter): Name = "Packing"; Value = "Dia382mm Reel"; VariantName = "[No Variations]"
Change component parameters (AddParameter): Name = "PartNumber"; Value = "UUD1V330MCL1GS"; VariantName = "[No Variations]"
Change component parameters (AddParameter): Name = "Rated Capacitance"; Value = "33 uF"; VariantName = "[No Variations]"
Change component parameters (AddParameter): Name = "Rated Ripple Current (at 100kHz)"; Value = "230 mA"; VariantName = "[No Variations]"
Change component parameters (AddParameter): Name = "Rated Voltage"; Value = "35 V"; VariantName = "[No Variations]"
Change component parameters (AddParameter): Name = "RoHS"; Value = "TRUE"; VariantName = "[No Variations]"
Change component parameters (AddParameter): Name = "Tolerance Rated Capacitance"; Value = "-20 to 20%"; VariantName = "[No Variations]"
Change component parameters: Designator = "C48" ("C48"); Footprint = "NIC-CAPA2-6.3X7.7_V"; UniqueID = "\QLQZCUQR\KIGMIKZH" ("\QLQZCUQR\KIGMIKZH")
Change component parameters (AddParameter): Name = "ComponentLink1Description"; Value = "Manufacturer URL"; VariantName = "[No Variations]"
Change component parameters (AddParameter): Name = "ComponentLink1URL"; Value = "http://www.nichicon.co.jp/"; VariantName = "[No Variations]"
Change component parameters (AddParameter): Name = "ComponentLink2Description"; Value = "Datasheet"; VariantName = "[No Variations]"
Change component parameters (AddParameter): Name = "ComponentLink2URL"; Value = "http://products.nichicon.co.jp/en/pdf/XJA043/e-ud.pdf"; VariantName = "[No Variations]"
Change component parameters (AddParameter): Name = "ComponentLink3Description"; Value = "Package Specification"; VariantName = "[No Variations]"
Change component parameters (AddParameter): Name = "ComponentLink3URL"; Value = "http://products.nichicon.co.jp/en/pdf/XJA043/e-ud.pdf"; VariantName = "[No Variations]"
Change component parameters (AddParameter): Name = "DatasheetVersion"; Value = "08/2012"; VariantName = "[No Variations]"
Change component parameters (AddParameter): Name = "Diameter"; Value = "6.3 mm"; VariantName = "[No Variations]"
Change component parameters (AddParameter): Name = "Endurance Time"; Value = "2000 h"; VariantName = "[No Variations]"
Change component parameters (AddParameter): Name = "Impedance"; Value = "0.44 Ohm"; VariantName = "[No Variations]"
Change component parameters (AddParameter): Name = "Length"; Value = "5.8 mm"; VariantName = "[No Variations]"
Change component parameters (AddParameter): Name = "Manufacturer"; Value = "Nichicon"; VariantName = "[No Variations]"
Change component parameters (AddParameter): Name = "Mounting Technology"; Value = "Surface Mount"; VariantName = "[No Variations]"
Change component parameters (AddParameter): Name = "PackageDescription"; Value = "2-Pin Surface Mount Device, Diameter 6.3 mm, Height 5.8 mm, Pitch 5.4 mm"; VariantName = "[No Variations]"
Change component parameters (AddParameter): Name = "PackageReference"; Value = "CAPAE-D6.3H5.8"; VariantName = "[No Variations]"
Change component parameters (AddParameter): Name = "Packing"; Value = "Dia382mm Reel"; VariantName = "[No Variations]"
Change component parameters (AddParameter): Name = "PartNumber"; Value = "UUD1V330MCL1GS"; VariantName = "[No Variations]"
Change component parameters (AddParameter): Name = "Rated Capacitance"; Value = "33 uF"; VariantName = "[No Variations]"
Change component parameters (AddParameter): Name = "Rated Ripple Current (at 100kHz)"; Value = "230 mA"; VariantName = "[No Variations]"
Change component parameters (AddParameter): Name = "Rated Voltage"; Value = "35 V"; VariantName = "[No Variations]"
Change component parameters (AddParameter): Name = "RoHS"; Value = "TRUE"; VariantName = "[No Variations]"
Change component parameters (AddParameter): Name = "Tolerance Rated Capacitance"; Value = "-20 to 20%"; VariantName = "[No Variations]"
Change component parameters: Designator = "C55" ("C55"); Footprint = "NIC-CAPA2-6.3X7.7_V"; UniqueID = "\QLQZCUQR\BNUYDXKL" ("\QLQZCUQR\BNUYDXKL")
Change component parameters (AddParameter): Name = "ComponentLink1Description"; Value = "Manufacturer URL"; VariantName = "[No Variations]"
Change component parameters (AddParameter): Name = "ComponentLink1URL"; Value = "http://www.nichicon.co.jp/"; VariantName = "[No Variations]"
Change component parameters (AddParameter): Name = "ComponentLink2Description"; Value = "Datasheet"; VariantName = "[No Variations]"
Change component parameters (AddParameter): Name = "ComponentLink2URL"; Value = "http://products.nichicon.co.jp/en/pdf/XJA043/e-ud.pdf"; VariantName = "[No Variations]"
Change component parameters (AddParameter): Name = "ComponentLink3Description"; Value = "Package Specification"; VariantName = "[No Variations]"
Change component parameters (AddParameter): Name = "ComponentLink3URL"; Value = "http://products.nichicon.co.jp/en/pdf/XJA043/e-ud.pdf"; VariantName = "[No Variations]"
Change component parameters (AddParameter): Name = "DatasheetVersion"; Value = "08/2012"; VariantName = "[No Variations]"
Change component parameters (AddParameter): Name = "Diameter"; Value = "6.3 mm"; VariantName = "[No Variations]"
Change component parameters (AddParameter): Name = "Endurance Time"; Value = "2000 h"; VariantName = "[No Variations]"
Change component parameters (AddParameter): Name = "Impedance"; Value = "0.44 Ohm"; VariantName = "[No Variations]"
Change component parameters (AddParameter): Name = "Length"; Value = "5.8 mm"; VariantName = "[No Variations]"
Change component parameters (AddParameter): Name = "Manufacturer"; Value = "Nichicon"; VariantName = "[No Variations]"
Change component parameters (AddParameter): Name = "Mounting Technology"; Value = "Surface Mount"; VariantName = "[No Variations]"
Change component parameters (AddParameter): Name = "PackageDescription"; Value = "2-Pin Surface Mount Device, Diameter 6.3 mm, Height 5.8 mm, Pitch 5.4 mm"; VariantName = "[No Variations]"
Change component parameters (AddParameter): Name = "PackageReference"; Value = "CAPAE-D6.3H5.8"; VariantName = "[No Variations]"
Change component parameters (AddParameter): Name = "Packing"; Value = "Dia382mm Reel"; VariantName = "[No Variations]"
Change component parameters (AddParameter): Name = "PartNumber"; Value = "UUD1V330MCL1GS"; VariantName = "[No Variations]"
Change component parameters (AddParameter): Name = "Rated Capacitance"; Value = "33 uF"; VariantName = "[No Variations]"
Change component parameters (AddParameter): Name = "Rated Ripple Current (at 100kHz)"; Value = "230 mA"; VariantName = "[No Variations]"
Change component parameters (AddParameter): Name = "Rated Voltage"; Value = "35 V"; VariantName = "[No Variations]"
Change component parameters (AddParameter): Name = "RoHS"; Value = "TRUE"; VariantName = "[No Variations]"
Change component parameters (AddParameter): Name = "Tolerance Rated Capacitance"; Value = "-20 to 20%"; VariantName = "[No Variations]"
Change component parameters: Designator = "C56" ("C56"); Footprint = "NIC-CAPA2-6.3X7.7_V"; UniqueID = "\QLQZCUQR\YRWNYRJD" ("\QLQZCUQR\YRWNYRJD")
Change component parameters (AddParameter): Name = "ComponentLink1Description"; Value = "Manufacturer URL"; VariantName = "[No Variations]"
Change component parameters (AddParameter): Name = "ComponentLink1URL"; Value = "http://www.nichicon.co.jp/"; VariantName = "[No Variations]"
Change component parameters (AddParameter): Name = "ComponentLink2Description"; Value = "Datasheet"; VariantName = "[No Variations]"
Change component parameters (AddParameter): Name = "ComponentLink2URL"; Value = "http://products.nichicon.co.jp/en/pdf/XJA043/e-ud.pdf"; VariantName = "[No Variations]"
Change component parameters (AddParameter): Name = "ComponentLink3Description"; Value = "Package Specification"; VariantName = "[No Variations]"
Change component parameters (AddParameter): Name = "ComponentLink3URL"; Value = "http://products.nichicon.co.jp/en/pdf/XJA043/e-ud.pdf"; VariantName = "[No Variations]"
Change component parameters (AddParameter): Name = "DatasheetVersion"; Value = "08/2012"; VariantName = "[No Variations]"
Change component parameters (AddParameter): Name = "Diameter"; Value = "6.3 mm"; VariantName = "[No Variations]"
Change component parameters (AddParameter): Name = "Endurance Time"; Value = "2000 h"; VariantName = "[No Variations]"
Change component parameters (AddParameter): Name = "Impedance"; Value = "0.44 Ohm"; VariantName = "[No Variations]"
Change component parameters (AddParameter): Name = "Length"; Value = "5.8 mm"; VariantName = "[No Variations]"
Change component parameters (AddParameter): Name = "Manufacturer"; Value = "Nichicon"; VariantName = "[No Variations]"
Change component parameters (AddParameter): Name = "Mounting Technology"; Value = "Surface Mount"; VariantName = "[No Variations]"
Change component parameters (AddParameter): Name = "PackageDescription"; Value = "2-Pin Surface Mount Device, Diameter 6.3 mm, Height 5.8 mm, Pitch 5.4 mm"; VariantName = "[No Variations]"
Change component parameters (AddParameter): Name = "PackageReference"; Value = "CAPAE-D6.3H5.8"; VariantName = "[No Variations]"
Change component parameters (AddParameter): Name = "Packing"; Value = "Dia382mm Reel"; VariantName = "[No Variations]"
Change component parameters (AddParameter): Name = "PartNumber"; Value = "UUD1V330MCL1GS"; VariantName = "[No Variations]"
Change component parameters (AddParameter): Name = "Rated Capacitance"; Value = "33 uF"; VariantName = "[No Variations]"
Change component parameters (AddParameter): Name = "Rated Ripple Current (at 100kHz)"; Value = "230 mA"; VariantName = "[No Variations]"
Change component parameters (AddParameter): Name = "Rated Voltage"; Value = "35 V"; VariantName = "[No Variations]"
Change component parameters (AddParameter): Name = "RoHS"; Value = "TRUE"; VariantName = "[No Variations]"
Change component parameters (AddParameter): Name = "Tolerance Rated Capacitance"; Value = "-20 to 20%"; VariantName = "[No Variations]"
