Change Component Designator: OldDesignator=*1 NewDesignator=*2
Change Component Designator: OldDesignator=*2 NewDesignator=*4
Change Component Designator: OldDesignator=*3 NewDesignator=*6
Change Component Designator: OldDesignator=*4 NewDesignator=*8
Change Component Designator: OldDesignator=* NewDesignator=*1
Change Component Designator: OldDesignator=* NewDesignator=*3
Change Component Designator: OldDesignator=* NewDesignator=*5
Change Component Designator: OldDesignator=* NewDesignator=*7
Change Component Designator: OldDesignator=C6 NewDesignator=C25
Change Component Designator: OldDesignator=C7 NewDesignator=C26
Change Component Designator: OldDesignator=C8 NewDesignator=C29
Change Component Designator: OldDesignator=C9 NewDesignator=C16
Change Component Designator: OldDesignator=C10 NewDesignator=C17
Change Component Designator: OldDesignator=C11 NewDesignator=C18
Change Component Designator: OldDesignator=C12 NewDesignator=C19
Change Component Designator: OldDesignator=C13 NewDesignator=C20
Change Component Designator: OldDesignator=C14 NewDesignator=C21
Change Component Designator: OldDesignator=C15 NewDesignator=C24
Change Component Designator: OldDesignator=C16 NewDesignator=C27
Change Component Designator: OldDesignator=C17 NewDesignator=C28
Change Component Designator: OldDesignator=C18 NewDesignator=C32
Change Component Designator: OldDesignator=C19 NewDesignator=C6
Change Component Designator: OldDesignator=C20 NewDesignator=C7
Change Component Designator: OldDesignator=C21 NewDesignator=C8
Change Component Designator: OldDesignator=C22 NewDesignator=C9
Change Component Designator: OldDesignator=C23 NewDesignator=C10
Change Component Designator: OldDesignator=C24 NewDesignator=C33
Change Component Designator: OldDesignator=C25 NewDesignator=C34
Change Component Designator: OldDesignator=C26 NewDesignator=C30
Change Component Designator: OldDesignator=C28 NewDesignator=C11
Change Component Designator: OldDesignator=C29 NewDesignator=C12
Change Component Designator: OldDesignator=C30 NewDesignator=C13
Change Component Designator: OldDesignator=C31 NewDesignator=C14
Change Component Designator: OldDesignator=C32 NewDesignator=C15
Change Component Designator: OldDesignator=C33 NewDesignator=C35
Change Component Designator: OldDesignator=C34 NewDesignator=C36
Change Component Designator: OldDesignator=C35 NewDesignator=C37
Change Component Designator: OldDesignator=C36 NewDesignator=C38
Change Component Designator: OldDesignator=C37 NewDesignator=C39
Change Component Designator: OldDesignator=C38 NewDesignator=C22
Change Component Designator: OldDesignator=C39 NewDesignator=C23
Change Component Designator: OldDesignator=C44 NewDesignator=C31
Change Component Designator: OldDesignator=C45 NewDesignator=C40
Change Component Designator: OldDesignator=C46 NewDesignator=C41
Change Component Designator: OldDesignator=C47 NewDesignator=C42
Change Component Designator: OldDesignator=C48 NewDesignator=C43
Change Component Designator: OldDesignator=C49 NewDesignator=C44
Change Component Designator: OldDesignator=C50 NewDesignator=C45
Change Component Designator: OldDesignator=C51 NewDesignator=C46
Change Component Designator: OldDesignator=C52 NewDesignator=C47
Change Component Designator: OldDesignator=C53 NewDesignator=C48
Change Component Designator: OldDesignator=C54 NewDesignator=C49
Change Component Designator: OldDesignator=C55 NewDesignator=C50
Change Component Designator: OldDesignator=C56 NewDesignator=C51
Change Component Designator: OldDesignator=C57 NewDesignator=C52
Change Component Designator: OldDesignator=C58 NewDesignator=C53
Change Component Designator: OldDesignator=C59 NewDesignator=C54
Change Component Designator: OldDesignator=C60 NewDesignator=C55
Change Component Designator: OldDesignator=D2 NewDesignator=D1
Change Component Designator: OldDesignator=D3 NewDesignator=D2
Change Component Designator: OldDesignator=D4 NewDesignator=D3
Change Component Designator: OldDesignator=D5 NewDesignator=D4
Change Component Designator: OldDesignator=D6 NewDesignator=D5
Change Component Designator: OldDesignator=J4 NewDesignator=J5
Change Component Designator: OldDesignator=J5 NewDesignator=J6
Change Component Designator: OldDesignator=J6 NewDesignator=J7
Change Component Designator: OldDesignator=J7 NewDesignator=J8
Change Component Designator: OldDesignator=J8 NewDesignator=J9
Change Component Designator: OldDesignator=J9 NewDesignator=J10
Change Component Designator: OldDesignator=J10 NewDesignator=J4
Change Component Designator: OldDesignator=LED7 NewDesignator=LED9
Change Component Designator: OldDesignator=LED8 NewDesignator=LED10
Change Component Designator: OldDesignator=LED9 NewDesignator=LED11
Change Component Designator: OldDesignator=LED11 NewDesignator=LED12
Change Component Designator: OldDesignator=LED12 NewDesignator=LED13
Change Component Designator: OldDesignator=LED13 NewDesignator=LED7
Change Component Designator: OldDesignator=LED14 NewDesignator=LED8
Change Component Designator: OldDesignator=R8 NewDesignator=R25
Change Component Designator: OldDesignator=R9 NewDesignator=R8
Change Component Designator: OldDesignator=R10 NewDesignator=R9
Change Component Designator: OldDesignator=R11 NewDesignator=R10
Change Component Designator: OldDesignator=R12 NewDesignator=R11
Change Component Designator: OldDesignator=R13 NewDesignator=R12
Change Component Designator: OldDesignator=R14 NewDesignator=R13
Change Component Designator: OldDesignator=R15 NewDesignator=R14
Change Component Designator: OldDesignator=R16 NewDesignator=R15
Change Component Designator: OldDesignator=R17 NewDesignator=R16
Change Component Designator: OldDesignator=R18 NewDesignator=R17
Change Component Designator: OldDesignator=R19 NewDesignator=R20
Change Component Designator: OldDesignator=R20 NewDesignator=R21
Change Component Designator: OldDesignator=R21 NewDesignator=R22
Change Component Designator: OldDesignator=R22 NewDesignator=R23
Change Component Designator: OldDesignator=R23 NewDesignator=R24
Change Component Designator: OldDesignator=R24 NewDesignator=R37
Change Component Designator: OldDesignator=R25 NewDesignator=R38
Change Component Designator: OldDesignator=R26 NewDesignator=R39
Change Component Designator: OldDesignator=R27 NewDesignator=R26
Change Component Designator: OldDesignator=R28 NewDesignator=R40
Change Component Designator: OldDesignator=R29 NewDesignator=R41
Change Component Designator: OldDesignator=R30 NewDesignator=R42
Change Component Designator: OldDesignator=R31 NewDesignator=R43
Change Component Designator: OldDesignator=R32 NewDesignator=R44
Change Component Designator: OldDesignator=R33 NewDesignator=R45
Change Component Designator: OldDesignator=R34 NewDesignator=R46
Change Component Designator: OldDesignator=R35 NewDesignator=R47
Change Component Designator: OldDesignator=R36 NewDesignator=R18
Change Component Designator: OldDesignator=R37 NewDesignator=R19
Change Component Designator: OldDesignator=R38 NewDesignator=R48
Change Component Designator: OldDesignator=R39 NewDesignator=R49
Change Component Designator: OldDesignator=R40 NewDesignator=R50
Change Component Designator: OldDesignator=R41 NewDesignator=R51
Change Component Designator: OldDesignator=R42 NewDesignator=R52
Change Component Designator: OldDesignator=R43 NewDesignator=R53
Change Component Designator: OldDesignator=R44 NewDesignator=R54
Change Component Designator: OldDesignator=R45 NewDesignator=R55
Change Component Designator: OldDesignator=R46 NewDesignator=R56
Change Component Designator: OldDesignator=R47 NewDesignator=R57
Change Component Designator: OldDesignator=R48 NewDesignator=R58
Change Component Designator: OldDesignator=R49 NewDesignator=R59
Change Component Designator: OldDesignator=R50 NewDesignator=R27
Change Component Designator: OldDesignator=R51 NewDesignator=R28
Change Component Designator: OldDesignator=R52 NewDesignator=R29
Change Component Designator: OldDesignator=R53 NewDesignator=R30
Change Component Designator: OldDesignator=R54 NewDesignator=R31
Change Component Designator: OldDesignator=R55 NewDesignator=R32
Change Component Designator: OldDesignator=R56 NewDesignator=R33
Change Component Designator: OldDesignator=R57 NewDesignator=R34
Change Component Designator: OldDesignator=R58 NewDesignator=R35
Change Component Designator: OldDesignator=R59 NewDesignator=R36
Change Component Designator: OldDesignator=SW2 NewDesignator=SW1
Change Component Designator: OldDesignator=TP5 NewDesignator=TP4
Change Component Designator: OldDesignator=TP6 NewDesignator=TP5
Change Component Designator: OldDesignator=U2 NewDesignator=U4
Change Component Designator: OldDesignator=U3 NewDesignator=U5
Change Component Designator: OldDesignator=U4 NewDesignator=U6
Change Component Designator: OldDesignator=U5 NewDesignator=U7
Change Component Designator: OldDesignator=U6 NewDesignator=U8
Change Component Designator: OldDesignator=U7 NewDesignator=U9
Change Component Designator: OldDesignator=U8 NewDesignator=U11
Change Component Designator: OldDesignator=U9 NewDesignator=U10
Change Component Designator: OldDesignator=U12 NewDesignator=U16
Change Component Designator: OldDesignator=U14 NewDesignator=U17
Change Component Designator: OldDesignator=U15 NewDesignator=U18
Change Component Designator: OldDesignator=U17 NewDesignator=U2
Change Component Designator: OldDesignator=U18 NewDesignator=U3
Change Component Designator: OldDesignator=U NewDesignator=U12
Change Component Designator: OldDesignator=U NewDesignator=U13
Change Component Designator: OldDesignator=U NewDesignator=U14
Change Component Designator: OldDesignator=U NewDesignator=U15
Change Net Name : Old Net Name=NetC37_1 New Net Name=NetC39_1
Change Net Name : Old Net Name=NetC37_2 New Net Name=NetC39_2
Change Net Name : Old Net Name=NetC49_1 New Net Name=NetC44_1
Change Net Name : Old Net Name=NetC50_1 New Net Name=NetC45_1
Change Net Name : Old Net Name=NetC51_2 New Net Name=NetC46_2
Change Net Name : Old Net Name=NetC52_2 New Net Name=NetC47_2
Change Net Name : Old Net Name=NetC57_1 New Net Name=NetC52_1
Change Net Name : Old Net Name=NetC58_2 New Net Name=NetC53_2
Change Net Name : Old Net Name=NetC59_1 New Net Name=NetC54_1
Change Net Name : Old Net Name=NetC60_2 New Net Name=NetC55_2
Change Net Name : Old Net Name=NetD4_2 New Net Name=NetD3_2
Change Net Name : Old Net Name=NetJ4_2 New Net Name=NetJ5_2
Change Net Name : Old Net Name=NetJ4_3 New Net Name=NetJ5_3
Change Net Name : Old Net Name=NetLED7_1 New Net Name=NetLED9_1
Change Net Name : Old Net Name=NetLED8_1 New Net Name=NetLED10_1
Change Net Name : Old Net Name=NetLED9_1 New Net Name=NetLED11_1
Change Net Name : Old Net Name=NetLED11_1 New Net Name=NetLED12_1
Change Net Name : Old Net Name=NetLED12_1 New Net Name=NetLED13_1
Change Net Name : Old Net Name=NetLED12_2 New Net Name=NetLED13_2
Change Net Name : Old Net Name=NetLED13_1 New Net Name=NetLED7_1
Change Net Name : Old Net Name=NetLED14_1 New Net Name=NetLED8_1
Change Net Name : Old Net Name=NetR8_1 New Net Name=NetR25_1
Change Net Name : Old Net Name=NetR19_1 New Net Name=NetR20_1
Change Net Name : Old Net Name=NetR20_1 New Net Name=NetR21_1
Change Net Name : Old Net Name=NetR21_1 New Net Name=NetR22_1
Change Net Name : Old Net Name=NetR22_1 New Net Name=NetR23_1
Change Net Name : Old Net Name=NetR23_1 New Net Name=NetR24_1
Change Net Name : Old Net Name=NetR30_2 New Net Name=NetR42_2
Change Net Name : Old Net Name=NetR31_2 New Net Name=NetR43_2
Change Net Name : Old Net Name=NetR32_1 New Net Name=NetR44_1
Change Net Name : Old Net Name=NetR32_2 New Net Name=NetR44_2
Change Net Name : Old Net Name=NetR33_2 New Net Name=NetR45_2
Change Net Name : Old Net Name=NetR38_1 New Net Name=NetR48_1
Change Net Name : Old Net Name=NetR39_1 New Net Name=NetR49_1
Change Net Name : Old Net Name=NetR44_1 New Net Name=NetR54_1
Change Net Name : Old Net Name=NetR45_1 New Net Name=NetR55_1
Change Net Name : Old Net Name=NetR50_1 New Net Name=NetR27_1
Change Net Name : Old Net Name=NetR54_1 New Net Name=NetR31_1
Change Net Name : Old Net Name=NetR56_1 New Net Name=NetR33_1
Change Net Name : Old Net Name=NetU2_9 New Net Name=NetU4_9
Change Net Name : Old Net Name=NetU2_13 New Net Name=NetU4_13
Change Net Name : Old Net Name=NetU2_14 New Net Name=NetU4_14
Change Net Name : Old Net Name=NetU2_90 New Net Name=NetU4_90
Change Net Name : Old Net Name=NetU2_91 New Net Name=NetU4_91
Change Net Name : Old Net Name=NetU2_92 New Net Name=NetU4_92
Change Net Name : Old Net Name=NetU2_95 New Net Name=NetU4_95
Change Net Name : Old Net Name=NetU2_96 New Net Name=NetU4_96
Change Net Name : Old Net Name=NetU2_102 New Net Name=NetU4_102
Change Net Name : Old Net Name=NetU2_103 New Net Name=NetU4_103
Change Net Name : Old Net Name=NetU2_115 New Net Name=NetU4_115
Change Net Name : Old Net Name=NetU2_116 New Net Name=NetU4_116
Change Net Name : Old Net Name=NetU_7 New Net Name=NetU14_7
Change Net Name : Old Net Name=NetU_9 New Net Name=NetU12_9
Added Pin To Net: NetName=NetU12_7 Pin=U12-7
Added Net: Name=NetU12_7
Added Pin To Net: NetName=NetU13_7 Pin=U13-7
Added Net: Name=NetU13_7
Added Pin To Net: NetName=NetU13_9 Pin=U13-9
Added Net: Name=NetU13_9
Added Pin To Net: NetName=NetU14_9 Pin=U14-9
Added Net: Name=NetU14_9
Added Pin To Net: NetName=NetU15_7 Pin=U15-7
Added Net: Name=NetU15_7
Added Pin To Net: NetName=NetU15_9 Pin=U15-9
Added Net: Name=NetU15_9
Added Member To Class: ClassName=DAQ and Actuators Member=Component *5 MCP33121-05
Added Member To Class: ClassName=DAQ and Actuators Member=Component *6 MC06XS4200
Added Member To Class: ClassName=DAQ and Actuators Member=Component *7 MCP33121-05
Added Member To Class: ClassName=Thermocouple Member=Component R29 ERJ-2GEJ205X
Added Member To Class: ClassName=DAQ and Actuators Member=Component U10 MCP1501T-18E/CHY
Added Member To Class: ClassName=Thermocouple Member=Component U12 MCP96001-E/MX
Added Member To Class: ClassName=Thermocouple Member=Component U14 MCP96001-E/MX
Added Member To Class: ClassName=Thermocouple Member=Component U15 MCP96001-E/MX
