Added Component: Designator=L?(WE-PD2-M)
Add component (AddParameter): Name = "ComponentLink1Description"; Value = "Manufacturer Link"; VariantName = "[No Variations]"
Add component (AddParameter): Name = "ComponentLink1URL"; Value = "http://www.we-online.com"; VariantName = "[No Variations]"
Add component (AddParameter): Name = "ComponentLink2Description"; Value = "Datasheet"; VariantName = "[No Variations]"
Add component (AddParameter): Name = "ComponentLink2URL"; Value = "http://www.we-online.de/katalog/media/pdf/744774047.pdf"; VariantName = "[No Variations]"
Add component (AddParameter): Name = "DatasheetVersion"; Value = "ver 2, Jun-2005"; VariantName = "[No Variations]"
Add component (AddParameter): Name = "Inductance"; Value = "4.70 µH"; VariantName = "[No Variations]"
Add component (AddParameter): Name = "PackageDescription"; Value = "SMD Inductor, 2-Leads, Body 5.8 x 5.2 mm"; VariantName = "[No Variations]"
Add component (AddParameter): Name = "PackageReference"; Value = "WE-PD2-M"; VariantName = "[No Variations]"
Add component (AddParameter): Name = "PackageVersion"; Value = "2005"; VariantName = "[No Variations]"
Added Pin To Net: NetName=GND Pin=U*-4
Added Pin To Net: NetName=GND Pin=U*-14
Added Pin To Net: NetName=GND Pin=U*-15
Added Pin To Net: NetName=NetL?_1 Pin=L?-1
Added Pin To Net: NetName=NetL?_1 Pin=U*-1
Added Pin To Net: NetName=NetL?_1 Pin=U*-12
Added Pin To Net: NetName=NetL?_1 Pin=U*-13
Added Pin To Net: NetName=NetL?_1 Pin=U*-16
Added Net: Name=NetL?_1
Added Member To Class: ClassName=MCU Member=Component L? 744774047
