Removed Member From Class: ClassName=CANbus Member=D5
Removed Member From Class: ClassName=MCU Member=R29
Change Component Designator: OldDesignator=C19 NewDesignator=C24
Change Component Designator: OldDesignator=C20 NewDesignator=C25
Change Component Designator: OldDesignator=C21 NewDesignator=C26
Change Component Designator: OldDesignator=C22 NewDesignator=C27
Change Component Designator: OldDesignator=C23 NewDesignator=C19
Change Component Designator: OldDesignator=C24 NewDesignator=C20
Change Component Designator: OldDesignator=C25 NewDesignator=C21
Change Component Designator: OldDesignator=C26 NewDesignator=C22
Change Component Designator: OldDesignator=C27 NewDesignator=C23
Change Component Designator: OldDesignator=C33 NewDesignator=C35
Change Component Designator: OldDesignator=C34 NewDesignator=C36
Change Component Designator: OldDesignator=C35 NewDesignator=C37
Change Component Designator: OldDesignator=C36 NewDesignator=C33
Change Component Designator: OldDesignator=C37 NewDesignator=C34
Change Component Designator: OldDesignator=D1 NewDesignator=D2
Change Component Designator: OldDesignator=D2 NewDesignator=D3
Change Component Designator: OldDesignator=D3 NewDesignator=D5
Change Component Designator: OldDesignator=D5 NewDesignator=D1
Change Component Designator: OldDesignator=D7 NewDesignator=D6
Change Component Designator: OldDesignator=D NewDesignator=D4
Change Component Designator: OldDesignator=LED1 NewDesignator=LED7
Change Component Designator: OldDesignator=LED2 NewDesignator=LED8
Change Component Designator: OldDesignator=LED3 NewDesignator=LED10
Change Component Designator: OldDesignator=LED4 NewDesignator=LED11
Change Component Designator: OldDesignator=LED5 NewDesignator=LED1
Change Component Designator: OldDesignator=LED6 NewDesignator=LED2
Change Component Designator: OldDesignator=LED7 NewDesignator=LED3
Change Component Designator: OldDesignator=LED8 NewDesignator=LED4
Change Component Designator: OldDesignator=LED9 NewDesignator=LED5
Change Component Designator: OldDesignator=LED10 NewDesignator=LED6
Change Component Designator: OldDesignator=LED11 NewDesignator=LED9
Change Component Designator: OldDesignator=P3 NewDesignator=P1
Change Component Designator: OldDesignator=P7 NewDesignator=P2
Change Component Designator: OldDesignator=P8 NewDesignator=P3
Change Component Designator: OldDesignator=P9 NewDesignator=P4
Change Component Designator: OldDesignator=P10 NewDesignator=P5
Change Component Designator: OldDesignator=R7 NewDesignator=R8
Change Component Designator: OldDesignator=R8 NewDesignator=R9
Change Component Designator: OldDesignator=R9 NewDesignator=R10
Change Component Designator: OldDesignator=R10 NewDesignator=R11
Change Component Designator: OldDesignator=R11 NewDesignator=R12
Change Component Designator: OldDesignator=R12 NewDesignator=R19
Change Component Designator: OldDesignator=R13 NewDesignator=R20
Change Component Designator: OldDesignator=R14 NewDesignator=R21
Change Component Designator: OldDesignator=R15 NewDesignator=R22
Change Component Designator: OldDesignator=R16 NewDesignator=R23
Change Component Designator: OldDesignator=R17 NewDesignator=R24
Change Component Designator: OldDesignator=R18 NewDesignator=R25
Change Component Designator: OldDesignator=R19 NewDesignator=R27
Change Component Designator: OldDesignator=R20 NewDesignator=R28
Change Component Designator: OldDesignator=R21 NewDesignator=R34
Change Component Designator: OldDesignator=R22 NewDesignator=R13
Change Component Designator: OldDesignator=R23 NewDesignator=R14
Change Component Designator: OldDesignator=R24 NewDesignator=R15
Change Component Designator: OldDesignator=R25 NewDesignator=R16
Change Component Designator: OldDesignator=R26 NewDesignator=R17
Change Component Designator: OldDesignator=R27 NewDesignator=R18
Change Component Designator: OldDesignator=R28 NewDesignator=R26
Change Component Designator: OldDesignator=R29 NewDesignator=R7
Change Component Designator: OldDesignator=R30 NewDesignator=R29
Change Component Designator: OldDesignator=R31 NewDesignator=R30
Change Component Designator: OldDesignator=R32 NewDesignator=R31
Change Component Designator: OldDesignator=R33 NewDesignator=R32
Change Component Designator: OldDesignator=R34 NewDesignator=R33
Change Component Designator: OldDesignator=U2 NewDesignator=U3
Change Component Designator: OldDesignator=U3 NewDesignator=U2
Change Component Designator: OldDesignator=U14 NewDesignator=U15
Change Component Designator: OldDesignator=U15 NewDesignator=U14
Change Net Name : Old Net Name=NetC35_1 New Net Name=NetC37_1
Change Net Name : Old Net Name=NetC35_2 New Net Name=NetC37_2
Change Net Name : Old Net Name=NetLED1_1 New Net Name=NetLED7_1
Change Net Name : Old Net Name=NetLED2_1 New Net Name=NetLED8_1
Change Net Name : Old Net Name=NetLED3_1 New Net Name=NetLED10_1
Change Net Name : Old Net Name=NetLED4_1 New Net Name=NetLED11_1
Change Net Name : Old Net Name=NetLED5_1 New Net Name=NetLED1_1
Change Net Name : Old Net Name=NetLED6_1 New Net Name=NetLED2_1
Change Net Name : Old Net Name=NetLED7_1 New Net Name=NetLED3_1
Change Net Name : Old Net Name=NetLED8_1 New Net Name=NetLED4_1
Change Net Name : Old Net Name=NetLED9_1 New Net Name=NetLED5_1
Change Net Name : Old Net Name=NetLED10_1 New Net Name=NetLED6_1
Change Net Name : Old Net Name=NetLED11_1 New Net Name=NetLED9_1
Change Net Name : Old Net Name=NetP7_2 New Net Name=NetP2_2
Change Net Name : Old Net Name=NetP8_2 New Net Name=NetP3_2
Change Net Name : Old Net Name=NetP9_2 New Net Name=NetP4_2
Change Net Name : Old Net Name=NetP10_2 New Net Name=NetP5_2
Change Net Name : Old Net Name=NetR12_1 New Net Name=NetR19_1
Change Net Name : Old Net Name=NetR13_1 New Net Name=NetR20_1
Change Net Name : Old Net Name=NetR14_1 New Net Name=NetR21_1
Change Net Name : Old Net Name=NetR15_1 New Net Name=NetR22_1
Change Net Name : Old Net Name=NetR16_1 New Net Name=NetR23_1
Change Net Name : Old Net Name=NetR31_1 New Net Name=NetR30_1
Change Net Name : Old Net Name=NetR31_2 New Net Name=NetR30_2
Change Net Name : Old Net Name=NetR33_1 New Net Name=NetR32_1
Change Net Name : Old Net Name=NetR33_2 New Net Name=NetR32_2
Change Net Name : Old Net Name=NetR34_2 New Net Name=NetR33_2
Change Net Name : Old Net Name=NetU3_9 New Net Name=NetU2_9
Change Net Name : Old Net Name=NetU3_90 New Net Name=NetU2_90
Change Net Name : Old Net Name=NetU3_91 New Net Name=NetU2_91
Change Net Name : Old Net Name=NetU3_92 New Net Name=NetU2_92
Change Net Name : Old Net Name=NetU3_95 New Net Name=NetU2_95
Change Net Name : Old Net Name=NetU3_103 New Net Name=NetU2_103
Change Net Name : Old Net Name=NetU3_104 New Net Name=NetU2_104
Added Member To Class: ClassName=CANbus Member=Component D3 NUP2105LT1G
Added Member To Class: ClassName=MCU Member=Component R8 470
