Removed Pin From Net: NetName=+7s Pin=C45-1
Removed Pin From Net: NetName=GND Pin=C45-2
Removed Pin From Net: NetName=+7s Pin=C46-1
Removed Pin From Net: NetName=GND Pin=C46-2
Removed Pin From Net: NetName=+24 Pin=C47-1
Removed Pin From Net: NetName=GND Pin=C47-2
Removed Pin From Net: NetName=+24 Pin=C48-1
Removed Pin From Net: NetName=GND Pin=C48-2
Removed Pin From Net: NetName=GND Pin=C49-2
Removed Pin From Net: NetName=GND Pin=C50-2
Removed Pin From Net: NetName=+24 Pin=C51-1
Removed Pin From Net: NetName=+24 Pin=C52-1
Removed Pin From Net: NetName=+24V_IN Pin=J1-2
Removed Pin From Net: NetName=+24V_IN Pin=J1-4
Removed Pin From Net: NetName=+24V_IN Pin=J10-2
Removed Pin From Net: NetName=+24V_IN Pin=J10-4
Removed Pin From Net: NetName=+7s Pin=R38-2
Removed Pin From Net: NetName=+7s Pin=R39-2
Removed Pin From Net: NetName=+24 Pin=R40-1
Removed Pin From Net: NetName=+24 Pin=R41-1
Removed Pin From Net: NetName=GND Pin=R42-1
Removed Pin From Net: NetName=GND Pin=R43-1
Removed Pin From Net: NetName=+7s Pin=U17-1
Removed Pin From Net: NetName=GND Pin=U17-4
Removed Pin From Net: NetName=+24 Pin=U17-7
Removed Pin From Net: NetName=GND Pin=U17-8
Removed Pin From Net: NetName=+7s Pin=U18-1
Removed Pin From Net: NetName=GND Pin=U18-4
Removed Pin From Net: NetName=+24 Pin=U18-7
Removed Pin From Net: NetName=GND Pin=U18-8
Removed Member From Class: ClassName=CANbus Member=C45
Removed Member From Class: ClassName=CANbus Member=C46
Removed Member From Class: ClassName=CANbus Member=C47
Removed Member From Class: ClassName=CANbus Member=C48
Removed Member From Class: ClassName=CANbus Member=C49
Removed Member From Class: ClassName=CANbus Member=C50
Removed Member From Class: ClassName=CANbus Member=C51
Removed Member From Class: ClassName=CANbus Member=C52
Removed Member From Class: ClassName=CANbus Member=R38
Removed Member From Class: ClassName=CANbus Member=R39
Removed Member From Class: ClassName=CANbus Member=R40
Removed Member From Class: ClassName=CANbus Member=R41
Removed Member From Class: ClassName=CANbus Member=R42
Removed Member From Class: ClassName=CANbus Member=R43
Removed Member From Class: ClassName=CANbus Member=U17
Removed Member From Class: ClassName=CANbus Member=U18
Added Component: Designator=C?(FP-C0805C-DN-MFG)
Add component (AddParameter): Name = "Automotive"; Value = "No"; VariantName = "[No Variations]"
Add component (AddParameter): Name = "Capacitance"; Value = "4,700 pF"; VariantName = "[No Variations]"
Add component (AddParameter): Name = "Category"; Value = "Cap"; VariantName = "[No Variations]"
Add component (AddParameter): Name = "ComponentLink2Description"; Value = "Datasheet"; VariantName = "[No Variations]"
Add component (AddParameter): Name = "ComponentLink2URL"; Value = "https://content.kemet.com/datasheets/KEM_C1003_C0G_SMD.pdf"; VariantName = "[No Variations]"
Add component (AddParameter): Name = "Device Class L1"; Value = "Passive Components"; VariantName = "[No Variations]"
Add component (AddParameter): Name = "Device Class L2"; Value = "Capacitors"; VariantName = "[No Variations]"
Add component (AddParameter): Name = "Device Class L3"; Value = "Ceramic Capacitors"; VariantName = "[No Variations]"
Add component (AddParameter): Name = "Digikey Description"; Value = "CAP CER 4700PF 50V X7R 0805"; VariantName = "[No Variations]"
Add component (AddParameter): Name = "Height"; Value = "0.88mm"; VariantName = "[No Variations]"
Add component (AddParameter): Name = "Ipc Land Pattern Name"; Value = "CAPC200125X78"; VariantName = "[No Variations]"
Add component (AddParameter): Name = "Lead Free"; Value = "Yes"; VariantName = "[No Variations]"
Add component (AddParameter): Name = "Manufacturer"; Value = "KEMET"; VariantName = "[No Variations]"
Add component (AddParameter): Name = "Manufacturer Part Number"; Value = "C0805C472K5RACTU"; VariantName = "[No Variations]"
Add component (AddParameter): Name = "Material"; Value = "Ceramic"; VariantName = "[No Variations]"
Add component (AddParameter): Name = "Mouser Description"; Value = "Cap Ceramic 0.0047uF 50V X7R 10% SMD 0805 125°C Paper T/R"; VariantName = "[No Variations]"
Add component (AddParameter): Name = "Octopart"; Value = "https://octopart.com/c0805c472k5ractu-kemet-86501"; VariantName = "[No Variations]"
Add component (AddParameter): Name = "Package"; Value = "C0805C-DN"; VariantName = "[No Variations]"
Add component (AddParameter): Name = "RoHS"; Value = "TRUE"; VariantName = "[No Variations]"
Add component (AddParameter): Name = "Temperature"; Value = "-55°C to +125°C"; VariantName = "[No Variations]"
Add component (AddParameter): Name = "Temperature Characteristic"; Value = "X7R"; VariantName = "[No Variations]"
Add component (AddParameter): Name = "Temperature Coefficient"; Value = "30ppm/°C"; VariantName = "[No Variations]"
Add component (AddParameter): Name = "Temperature Range High"; Value = "+125°C"; VariantName = "[No Variations]"
Add component (AddParameter): Name = "Temperature Range Low"; Value = "-55°C"; VariantName = "[No Variations]"
Add component (AddParameter): Name = "Tolerance"; Value = "0.1"; VariantName = "[No Variations]"
Add component (AddParameter): Name = "Value"; Value = "4,700 pF"; VariantName = "[No Variations]"
Add component (AddParameter): Name = "Voltage Rating"; Value = "50 V"; VariantName = "[No Variations]"
Added Component: Designator=C?(FP-CL31-IPC_C)
Add component (AddParameter): Name = "Automotive"; Value = "No"; VariantName = "[No Variations]"
Add component (AddParameter): Name = "Capacitance"; Value = "10uF"; VariantName = "[No Variations]"
Add component (AddParameter): Name = "Category"; Value = "Cap"; VariantName = "[No Variations]"
Add component (AddParameter): Name = "ComponentLink2Description"; Value = "Datasheet"; VariantName = "[No Variations]"
Add component (AddParameter): Name = "ComponentLink2URL"; Value = "http://www.samsungsem.com/kr/support/product-search/mlcc/__icsFiles/afieldfile/2018/06/21/CL31A106KBHNNNE.pdf"; VariantName = "[No Variations]"
Add component (AddParameter): Name = "Device Class L1"; Value = "Passive Components"; VariantName = "[No Variations]"
Add component (AddParameter): Name = "Device Class L2"; Value = "Capacitors"; VariantName = "[No Variations]"
Add component (AddParameter): Name = "Device Class L3"; Value = "Ceramic Capacitors"; VariantName = "[No Variations]"
Add component (AddParameter): Name = "Digikey Description"; Value = "CAP CER 10UF 50V X5R 1206"; VariantName = "[No Variations]"
Add component (AddParameter): Name = "Height"; Value = "1.8mm"; VariantName = "[No Variations]"
Add component (AddParameter): Name = "Ipc Land Pattern Name"; Value = "CAPC320160X160"; VariantName = "[No Variations]"
Add component (AddParameter): Name = "Lead Free"; Value = "Yes"; VariantName = "[No Variations]"
Add component (AddParameter): Name = "Manufacturer"; Value = "Samsung"; VariantName = "[No Variations]"
Add component (AddParameter): Name = "Manufacturer Part Number"; Value = "CL31A106KBHNNNE"; VariantName = "[No Variations]"
Add component (AddParameter): Name = "Material"; Value = "Ceramic"; VariantName = "[No Variations]"
Add component (AddParameter): Name = "Octopart"; Value = "https://octopart.com/cl31a106kbhnnne-samsung-19832778"; VariantName = "[No Variations]"
Add component (AddParameter): Name = "Package"; Value = "CL31"; VariantName = "[No Variations]"
Add component (AddParameter): Name = "RoHS"; Value = "TRUE"; VariantName = "[No Variations]"
Add component (AddParameter): Name = "Temperature"; Value = "-55°C to +85°C"; VariantName = "[No Variations]"
Add component (AddParameter): Name = "Temperature Characteristic"; Value = "X5R"; VariantName = "[No Variations]"
Add component (AddParameter): Name = "Temperature Coefficient"; Value = "15%"; VariantName = "[No Variations]"
Add component (AddParameter): Name = "Temperature Range High"; Value = "+85°C"; VariantName = "[No Variations]"
Add component (AddParameter): Name = "Temperature Range Low"; Value = "-55°C"; VariantName = "[No Variations]"
Add component (AddParameter): Name = "Tolerance"; Value = "10%"; VariantName = "[No Variations]"
Add component (AddParameter): Name = "Value"; Value = "10uF"; VariantName = "[No Variations]"
Add component (AddParameter): Name = "Voltage"; Value = "50V"; VariantName = "[No Variations]"
Add component (AddParameter): Name = "Voltage Rating"; Value = "50V"; VariantName = "[No Variations]"
Added Component: Designator=C?(CAPC2013X145X50NL20T25)
Add component (AddParameter): Name = "Manufacturer"; Value = "Kemet"; VariantName = "[No Variations]"
Add component (AddParameter): Name = "Part Number"; Value = "C0805C223K1RACAUTO"; VariantName = "[No Variations]"
Added Component: Designator=C?(NIC-CAPA2-6.3X7.7_V)
Add component (AddParameter): Name = "ComponentLink1Description"; Value = "Manufacturer URL"; VariantName = "[No Variations]"
Add component (AddParameter): Name = "ComponentLink1URL"; Value = "http://www.nichicon.co.jp/"; VariantName = "[No Variations]"
Add component (AddParameter): Name = "ComponentLink2Description"; Value = "Datasheet"; VariantName = "[No Variations]"
Add component (AddParameter): Name = "ComponentLink2URL"; Value = "http://products.nichicon.co.jp/en/pdf/XJA043/e-ud.pdf"; VariantName = "[No Variations]"
Add component (AddParameter): Name = "ComponentLink3Description"; Value = "Package Specification"; VariantName = "[No Variations]"
Add component (AddParameter): Name = "ComponentLink3URL"; Value = "http://products.nichicon.co.jp/en/pdf/XJA043/e-ud.pdf"; VariantName = "[No Variations]"
Add component (AddParameter): Name = "DatasheetVersion"; Value = "08/2012"; VariantName = "[No Variations]"
Add component (AddParameter): Name = "Diameter"; Value = "6.3 mm"; VariantName = "[No Variations]"
Add component (AddParameter): Name = "Endurance Time"; Value = "2000 h"; VariantName = "[No Variations]"
Add component (AddParameter): Name = "Impedance"; Value = "0.68 Ohm"; VariantName = "[No Variations]"
Add component (AddParameter): Name = "Length"; Value = "7.7 mm"; VariantName = "[No Variations]"
Add component (AddParameter): Name = "Manufacturer"; Value = "Nichicon"; VariantName = "[No Variations]"
Add component (AddParameter): Name = "Mounting Technology"; Value = "Surface Mount"; VariantName = "[No Variations]"
Add component (AddParameter): Name = "PackageDescription"; Value = "2-Pin Surface Mount Device, Diameter 6.3 mm, Height 7.7 mm, Pitch 5.4 mm"; VariantName = "[No Variations]"
Add component (AddParameter): Name = "PackageReference"; Value = "CAPAE-D6.3H7.7"; VariantName = "[No Variations]"
Add component (AddParameter): Name = "Packing"; Value = "Dia382mm Reel"; VariantName = "[No Variations]"
Add component (AddParameter): Name = "PartNumber"; Value = "UUD1H330MCL1GS"; VariantName = "[No Variations]"
Add component (AddParameter): Name = "Rated Capacitance"; Value = "33 uF"; VariantName = "[No Variations]"
Add component (AddParameter): Name = "Rated Ripple Current (at 100kHz)"; Value = "185 mA"; VariantName = "[No Variations]"
Add component (AddParameter): Name = "Rated Voltage"; Value = "50 V"; VariantName = "[No Variations]"
Add component (AddParameter): Name = "RoHS"; Value = "TRUE"; VariantName = "[No Variations]"
Add component (AddParameter): Name = "Tolerance Rated Capacitance"; Value = "-20 to 20%"; VariantName = "[No Variations]"
Added Component: Designator=R?(RESC2013X70X40NL20T20)
Add component (AddParameter): Name = "Manufacturer"; Value = "Panasonic"; VariantName = "[No Variations]"
Add component (AddParameter): Name = "Part Number"; Value = "ERJ-6ENF4993V"; VariantName = "[No Variations]"
Add component (AddParameter): Name = "Value"; Value = "499k"; VariantName = "[No Variations]"
Added Component: Designator=R?(FP-RT0805-MFG)
Add component (AddParameter): Name = "Automotive"; Value = "No"; VariantName = "[No Variations]"
Add component (AddParameter): Name = "Category"; Value = "Res"; VariantName = "[No Variations]"
Add component (AddParameter): Name = "ComponentLink2Description"; Value = "Datasheet"; VariantName = "[No Variations]"
Add component (AddParameter): Name = "ComponentLink2URL"; Value = "http://www.yageo.com/documents/recent/PYu-RT_1-to-0.01_RoHS_L_9.pdf"; VariantName = "[No Variations]"
Add component (AddParameter): Name = "Composition"; Value = "Thin Film"; VariantName = "[No Variations]"
Add component (AddParameter): Name = "Device Class L1"; Value = "Passive Components"; VariantName = "[No Variations]"
Add component (AddParameter): Name = "Device Class L2"; Value = "Resistors"; VariantName = "[No Variations]"
Add component (AddParameter): Name = "Device Class L3"; Value = "Chip SMD Resistors"; VariantName = "[No Variations]"
Add component (AddParameter): Name = "Digikey Description"; Value = "RES SMD 1.18K OHM 0.1% 1/8W 0805"; VariantName = "[No Variations]"
Add component (AddParameter): Name = "Footprint Url"; Value = "http://www.yageo.com/exep/pages/download/literatures/PYu-R_Mount_10.pdf"; VariantName = "[No Variations]"
Add component (AddParameter): Name = "Height"; Value = "0.6mm"; VariantName = "[No Variations]"
Add component (AddParameter): Name = "Ipc Land Pattern Name"; Value = "RESC200125X50"; VariantName = "[No Variations]"
Add component (AddParameter): Name = "Lead Free"; Value = "Yes"; VariantName = "[No Variations]"
Add component (AddParameter): Name = "Manufacturer"; Value = "Yageo"; VariantName = "[No Variations]"
Add component (AddParameter): Name = "Manufacturer Part Number"; Value = "RT0805BRE071K18L"; VariantName = "[No Variations]"
Add component (AddParameter): Name = "Octopart"; Value = "https://octopart.com/rt0805bre071k18l-yageo-1175281"; VariantName = "[No Variations]"
Add component (AddParameter): Name = "Package"; Value = "RT0805"; VariantName = "[No Variations]"
Add component (AddParameter): Name = "Power Rating"; Value = "0.125W"; VariantName = "[No Variations]"
Add component (AddParameter): Name = "Resistance"; Value = "1.18KO"; VariantName = "[No Variations]"
Add component (AddParameter): Name = "RoHS"; Value = "TRUE"; VariantName = "[No Variations]"
Add component (AddParameter): Name = "Series"; Value = "RT"; VariantName = "[No Variations]"
Add component (AddParameter): Name = "Temperature"; Value = "-55°C to +155°C"; VariantName = "[No Variations]"
Add component (AddParameter): Name = "Temperature Coefficient"; Value = "50 ppm/°C"; VariantName = "[No Variations]"
Add component (AddParameter): Name = "Temperature Range High"; Value = "+155°C"; VariantName = "[No Variations]"
Add component (AddParameter): Name = "Temperature Range Low"; Value = "-55°C"; VariantName = "[No Variations]"
Add component (AddParameter): Name = "Tolerance"; Value = "0.0025"; VariantName = "[No Variations]"
Add component (AddParameter): Name = "Value"; Value = "1.18KO"; VariantName = "[No Variations]"
Add component (AddParameter): Name = "Voltage Rating"; Value = "150V"; VariantName = "[No Variations]"
Added Component: Designator=R?(RESC2013X60X40ML20T25)
Add component (AddParameter): Name = "Manufacturer"; Value = "Panasonic"; VariantName = "[No Variations]"
Add component (AddParameter): Name = "Part Number"; Value = "ERA6AEB3402V"; VariantName = "[No Variations]"
Add component (AddParameter): Name = "Value"; Value = "34k"; VariantName = "[No Variations]"
Added Component: Designator=U?(SON65P200X200X80-7N)
Add component (AddParameter): Name = "Availability"; Value = "Good"; VariantName = "[No Variations]"
Add component (AddParameter): Name = "Check_prices"; Value = "https://www.snapeda.com/parts/TVS3300DRVR/Texas%20Instruments/view-part/810635/?ref=eda"; VariantName = "[No Variations]"
Add component (AddParameter): Name = "MF"; Value = "Texas Instruments"; VariantName = "[No Variations]"
Add component (AddParameter): Name = "MP"; Value = "TVS3300DRVR"; VariantName = "[No Variations]"
Add component (AddParameter): Name = "Package"; Value = "WSON-6 Texas Instruments"; VariantName = "[No Variations]"
Add component (AddParameter): Name = "Price"; Value = "None"; VariantName = "[No Variations]"
Add component (AddParameter): Name = "Purchase-URL"; Value = "https://pricing.snapeda.com/search/part/TVS3300DRVR/?ref=eda"; VariantName = "[No Variations]"
Add component (AddParameter): Name = "SnapEDA_Link"; Value = "https://www.snapeda.com/parts/TVS3300DRVR/Texas%20Instruments/view-part/810635/?ref=snap"; VariantName = "[No Variations]"
Add component (AddParameter): Name = "Value"; Value = ""; VariantName = "[No Variations]"
Added Component: Designator=U?(SON65P200X200X80-7N)
Add component (AddParameter): Name = "Availability"; Value = "Good"; VariantName = "[No Variations]"
Add component (AddParameter): Name = "Check_prices"; Value = "https://www.snapeda.com/parts/TVS3300DRVR/Texas%20Instruments/view-part/810635/?ref=eda"; VariantName = "[No Variations]"
Add component (AddParameter): Name = "MF"; Value = "Texas Instruments"; VariantName = "[No Variations]"
Add component (AddParameter): Name = "MP"; Value = "TVS3300DRVR"; VariantName = "[No Variations]"
Add component (AddParameter): Name = "Package"; Value = "WSON-6 Texas Instruments"; VariantName = "[No Variations]"
Add component (AddParameter): Name = "Price"; Value = "None"; VariantName = "[No Variations]"
Add component (AddParameter): Name = "Purchase-URL"; Value = "https://pricing.snapeda.com/search/part/TVS3300DRVR/?ref=eda"; VariantName = "[No Variations]"
Add component (AddParameter): Name = "SnapEDA_Link"; Value = "https://www.snapeda.com/parts/TVS3300DRVR/Texas%20Instruments/view-part/810635/?ref=snap"; VariantName = "[No Variations]"
Add component (AddParameter): Name = "Value"; Value = ""; VariantName = "[No Variations]"
Added Component: Designator=U?(7 PIN PFM)
Add component (AddParameter): Name = "ComponentLink1Description"; Value = "Manufacturer URL"; VariantName = "[No Variations]"
Add component (AddParameter): Name = "ComponentLink1URL"; Value = "http://www.we-online.com"; VariantName = "[No Variations]"
Add component (AddParameter): Name = "ComponentLink2Description"; Value = "Datasheet"; VariantName = "[No Variations]"
Add component (AddParameter): Name = "ComponentLink2URL"; Value = "http://katalog-live.we-online.de/pm/datasheet/171032401.pdf"; VariantName = "[No Variations]"
Add component (AddParameter): Name = "Manufacturer"; Value = "Wuerth Elektronik"; VariantName = "[No Variations]"
Add component (AddParameter): Name = "PackageReference"; Value = "7 PIN PFM"; VariantName = "[No Variations]"
Add component (AddParameter): Name = "PartNumber"; Value = "171032401"; VariantName = "[No Variations]"
Add component (AddParameter): Name = "Ui"; Value = "6-42 V"; VariantName = "[No Variations]"
Added Pin To Net: NetName=+7s Pin=C?-1
Added Pin To Net: NetName=+24 Pin=C?-1
Added Pin To Net: NetName=+24 Pin=C?-1
Added Pin To Net: NetName=GND Pin=C?-2
Added Pin To Net: NetName=GND Pin=C?-2
Added Pin To Net: NetName=GND Pin=C?-2
Added Pin To Net: NetName=+24 Pin=R?-1
Added Pin To Net: NetName=GND Pin=R?-1
Added Pin To Net: NetName=+7s Pin=R?-2
Added Pin To Net: NetName=+7s Pin=U?-1
Added Pin To Net: NetName=GND Pin=U?-1
Added Pin To Net: NetName=GND Pin=U?-1
Added Pin To Net: NetName=GND Pin=U?-2
Added Pin To Net: NetName=GND Pin=U?-2
Added Pin To Net: NetName=GND Pin=U?-3
Added Pin To Net: NetName=GND Pin=U?-3
Added Pin To Net: NetName=GND Pin=U?-4
Added Pin To Net: NetName=+24 Pin=U?-7
Added Pin To Net: NetName=GND Pin=U?-7
Added Pin To Net: NetName=GND Pin=U?-7
Added Pin To Net: NetName=GND Pin=U?-8
Added Pin To Net: NetName=+7s_IN Pin=J1-2
Added Pin To Net: NetName=+7s_IN Pin=J1-4
Added Pin To Net: NetName=+7s_IN Pin=J10-2
Added Pin To Net: NetName=+7s_IN Pin=J10-4
Added Pin To Net: NetName=+7s_IN Pin=U?-4
Added Pin To Net: NetName=+7s_IN Pin=U?-4
Added Pin To Net: NetName=+7s_IN Pin=U?-5
Added Pin To Net: NetName=+7s_IN Pin=U?-5
Added Pin To Net: NetName=+7s_IN Pin=U?-6
Added Pin To Net: NetName=+7s_IN Pin=U?-6
Added Net: Name=+7s_IN
Added Pin To Net: NetName=NetC?_1 Pin=C?-1
Added Pin To Net: NetName=NetC?_1 Pin=U?-5
Added Net: Name=NetC?_1
Added Pin To Net: NetName=NetC?_2 Pin=C?-2
Added Pin To Net: NetName=NetC?_2 Pin=R?-2
Added Pin To Net: NetName=NetC?_2 Pin=R?-2
Added Pin To Net: NetName=NetC?_2 Pin=U?-6
Added Net: Name=NetC?_2
Added Pin To Net: NetName=NetR?_1 Pin=R?-1
Added Pin To Net: NetName=NetR?_1 Pin=U?-2
Added Net: Name=NetR?_1
Added Class: Name=Designator
Added Member To Class: ClassName=CANbus Member=Component J1 5747844-6
Added Member To Class: ClassName=CANbus Member=Component U? TVS3300DRVR
Added Member To Class: ClassName=CANbus Member=Component U? TVS3300DRVR
Added Room: Name=Designator
