Removed Member From Class: ClassName=MCU Member=*
Added Component: Designator=U1(SOP-32/11.8x1.27)
Added Pin To Net: NetName=+24 Pin=J1-3
Added Pin To Net: NetName=+24 Pin=J2-3
Added Pin To Net: NetName=+3.3V_D Pin=U1-6
Added Pin To Net: NetName=GND Pin=U1-25
Added Pin To Net: NetName=+24V Pin=U1-33
Added Net: Name=+24V
Added Pin To Net: NetName=NetU1_5 Pin=U1-5
Added Pin To Net: NetName=NetU1_5 Pin=U2-45
Added Net: Name=NetU1_5
Added Pin To Net: NetName=NetU1_12 Pin=U1-12
Added Pin To Net: NetName=NetU1_12 Pin=U1-13
Added Pin To Net: NetName=NetU1_12 Pin=U1-14
Added Net: Name=NetU1_12
Added Pin To Net: NetName=NetU1_19 Pin=U1-19
Added Pin To Net: NetName=NetU1_19 Pin=U1-20
Added Pin To Net: NetName=NetU1_19 Pin=U1-21
Added Net: Name=NetU1_19
Added Class: Name=eFuse
Added Room: Name=eFuse
