Added Component: Designator=U?(SOT315-1_V)
Add component (AddParameter): Name = "ADC channels"; Value = "6"; VariantName = "[No Variations]"
Add component (AddParameter): Name = "CAN"; Value = "2"; VariantName = "[No Variations]"
Add component (AddParameter): Name = "Code_IEC"; Value = "136E15"; VariantName = "[No Variations]"
Add component (AddParameter): Name = "Code_JEDEC"; Value = "MS-026"; VariantName = "[No Variations]"
Add component (AddParameter): Name = "ComponentLink1Description"; Value = "Manufacturer URL"; VariantName = "[No Variations]"
Add component (AddParameter): Name = "ComponentLink1URL"; Value = "http://www.nxp.com/"; VariantName = "[No Variations]"
Add component (AddParameter): Name = "ComponentLink2Description"; Value = "Datasheet"; VariantName = "[No Variations]"
Add component (AddParameter): Name = "ComponentLink2URL"; Value = "http://www.nxp.com/documents/data_sheet/LPC1759_58_56_54_52_51.pdf"; VariantName = "[No Variations]"
Add component (AddParameter): Name = "DatasheetVersion"; Value = "Rev. 7, Mar-2011"; VariantName = "[No Variations]"
Add component (AddParameter): Name = "Flash"; Value = "256 kB"; VariantName = "[No Variations]"
Add component (AddParameter): Name = "fmax"; Value = "100 MHz"; VariantName = "[No Variations]"
Add component (AddParameter): Name = "GPIOs"; Value = "52"; VariantName = "[No Variations]"
Add component (AddParameter): Name = "PackageDescription"; Value = "LQFP80: Plastic Low Profile Quad Flat Package; 80 Leads; Body 12 x 12 x 1.4 mm"; VariantName = "[No Variations]"
Add component (AddParameter): Name = "PackageReference"; Value = "SOT315-1"; VariantName = "[No Variations]"
Add component (AddParameter): Name = "PackageVersion"; Value = "37677"; VariantName = "[No Variations]"
Add component (AddParameter): Name = "PartNumber"; Value = "LPC1756FBD80"; VariantName = "[No Variations]"
Add component (AddParameter): Name = "PLL"; Value = "Y"; VariantName = "[No Variations]"
Add component (AddParameter): Name = "PWM"; Value = "6"; VariantName = "[No Variations]"
Add component (AddParameter): Name = "SPI"; Value = "1"; VariantName = "[No Variations]"
Add component (AddParameter): Name = "SRAM"; Value = "32 kB"; VariantName = "[No Variations]"
Add component (AddParameter): Name = "SSP"; Value = "2"; VariantName = "[No Variations]"
Add component (AddParameter): Name = "Timers"; Value = "4"; VariantName = "[No Variations]"
Add component (AddParameter): Name = "UART"; Value = "4"; VariantName = "[No Variations]"
Add component (AddParameter): Name = "USB"; Value = "1"; VariantName = "[No Variations]"
Add component (AddParameter): Name = "VDD (max)"; Value = "3.6 V"; VariantName = "[No Variations]"
Add component (AddParameter): Name = "VDD (min)"; Value = "2.4 V"; VariantName = "[No Variations]"
Add component (AddParameter): Name = "VDD (typ)"; Value = "3.3 V"; VariantName = "[No Variations]"
Added Class: Name=WB-AV-4510-CAN
Added Room: Name=WB-AV-4510-CAN
