Removed Pin From Net: NetName=GND Pin=R8-1
Removed Pin From Net: NetName=GND Pin=R9-1
Removed Pin From Net: NetName=GND Pin=R10-1
Removed Pin From Net: NetName=GND Pin=R11-1
Change Component Footprint: Designator=R8 Old Footprint=RESC1005X40X25NL05T05 New Footprint=J1-0603
Change Component Footprint: Designator=R9 Old Footprint=RESC1005X40X25NL05T05 New Footprint=J1-0603
Change Component Footprint: Designator=R10 Old Footprint=RESC1005X40X25NL05T05 New Footprint=J1-0603
Change Component Footprint: Designator=R11 Old Footprint=RESC1005X40X25NL05T05 New Footprint=J1-0603
Change Component Comment : Designator=R8 Old Comment=10k New Comment=0.01%
Change Component Comment : Designator=R9 Old Comment=10k New Comment=0.01%
Change Component Comment : Designator=R10 Old Comment=10k New Comment=0.01%
Change Component Comment : Designator=R11 Old Comment=10k New Comment=0.01%
Change Component Designator: OldDesignator=C? NewDesignator=C76
Change Managed Component Library Link : Designator=R8 Old VaultGUID=B7D15EC3-160A-466F-A46C-7801FE6295A7 New VaultGUID= Old ItemGUID=3D96E236-059F-4D53-8749-C61A90BEB5D7 New ItemGUID= Old RevisionGUID=0D41E84C-6B76-4BFB-953A-FA147200006E New RevisionGUID=
Change Managed Component Library Link : Designator=R9 Old VaultGUID=B7D15EC3-160A-466F-A46C-7801FE6295A7 New VaultGUID= Old ItemGUID=3D96E236-059F-4D53-8749-C61A90BEB5D7 New ItemGUID= Old RevisionGUID=0D41E84C-6B76-4BFB-953A-FA147200006E New RevisionGUID=
Change Managed Component Library Link : Designator=R10 Old VaultGUID=B7D15EC3-160A-466F-A46C-7801FE6295A7 New VaultGUID= Old ItemGUID=3D96E236-059F-4D53-8749-C61A90BEB5D7 New ItemGUID= Old RevisionGUID=0D41E84C-6B76-4BFB-953A-FA147200006E New RevisionGUID=
Change Managed Component Library Link : Designator=R11 Old VaultGUID=B7D15EC3-160A-466F-A46C-7801FE6295A7 New VaultGUID= Old ItemGUID=3D96E236-059F-4D53-8749-C61A90BEB5D7 New ItemGUID= Old RevisionGUID=0D41E84C-6B76-4BFB-953A-FA147200006E New RevisionGUID=
Change component parameters: Designator = "R8" ("R8"); Footprint = "RESC1005X40X25NL05T05"; UniqueID = "\YJUDVANJ\WFSDLKGN" ("\YJUDVANJ\WFSDLKGN")
Change component parameters (AddParameter): Name = "LatestRevisionDate"; Value = "29-May-2009"; VariantName = "[No Variations]"
Change component parameters (AddParameter): Name = "LatestRevisionNote"; Value = "IPC-7351 Footprint Added."; VariantName = "[No Variations]"
Change component parameters (AddParameter): Name = "PackageDescription"; Value = "Chip Resistor"; VariantName = "[No Variations]"
Change component parameters (AddParameter): Name = "PackageReference"; Value = "J1-0603"; VariantName = "[No Variations]"
Change component parameters (AddParameter): Name = "Published"; Value = "8-Jun-2000"; VariantName = "[No Variations]"
Change component parameters (AddParameter): Name = "Publisher"; Value = "Altium Limited"; VariantName = "[No Variations]"
Change component parameters (AddParameter): Name = "Value"; Value = "250"; VariantName = "[No Variations]"
Change component parameters: Designator = "R9" ("R9"); Footprint = "RESC1005X40X25NL05T05"; UniqueID = "\YJUDVANJ\TSGGEQQY" ("\YJUDVANJ\TSGGEQQY")
Change component parameters (AddParameter): Name = "LatestRevisionDate"; Value = "29-May-2009"; VariantName = "[No Variations]"
Change component parameters (AddParameter): Name = "LatestRevisionNote"; Value = "IPC-7351 Footprint Added."; VariantName = "[No Variations]"
Change component parameters (AddParameter): Name = "PackageDescription"; Value = "Chip Resistor"; VariantName = "[No Variations]"
Change component parameters (AddParameter): Name = "PackageReference"; Value = "J1-0603"; VariantName = "[No Variations]"
Change component parameters (AddParameter): Name = "Published"; Value = "8-Jun-2000"; VariantName = "[No Variations]"
Change component parameters (AddParameter): Name = "Publisher"; Value = "Altium Limited"; VariantName = "[No Variations]"
Change component parameters (AddParameter): Name = "Value"; Value = "250"; VariantName = "[No Variations]"
Change component parameters: Designator = "R10" ("R10"); Footprint = "RESC1005X40X25NL05T05"; UniqueID = "\YJUDVANJ\ILDSUJFK" ("\YJUDVANJ\ILDSUJFK")
Change component parameters (AddParameter): Name = "LatestRevisionDate"; Value = "29-May-2009"; VariantName = "[No Variations]"
Change component parameters (AddParameter): Name = "LatestRevisionNote"; Value = "IPC-7351 Footprint Added."; VariantName = "[No Variations]"
Change component parameters (AddParameter): Name = "PackageDescription"; Value = "Chip Resistor"; VariantName = "[No Variations]"
Change component parameters (AddParameter): Name = "PackageReference"; Value = "J1-0603"; VariantName = "[No Variations]"
Change component parameters (AddParameter): Name = "Published"; Value = "8-Jun-2000"; VariantName = "[No Variations]"
Change component parameters (AddParameter): Name = "Publisher"; Value = "Altium Limited"; VariantName = "[No Variations]"
Change component parameters (AddParameter): Name = "Value"; Value = "250"; VariantName = "[No Variations]"
Change component parameters: Designator = "R11" ("R11"); Footprint = "RESC1005X40X25NL05T05"; UniqueID = "\YJUDVANJ\TUGIPMJS" ("\YJUDVANJ\TUGIPMJS")
Change component parameters (AddParameter): Name = "LatestRevisionDate"; Value = "29-May-2009"; VariantName = "[No Variations]"
Change component parameters (AddParameter): Name = "LatestRevisionNote"; Value = "IPC-7351 Footprint Added."; VariantName = "[No Variations]"
Change component parameters (AddParameter): Name = "PackageDescription"; Value = "Chip Resistor"; VariantName = "[No Variations]"
Change component parameters (AddParameter): Name = "PackageReference"; Value = "J1-0603"; VariantName = "[No Variations]"
Change component parameters (AddParameter): Name = "Published"; Value = "8-Jun-2000"; VariantName = "[No Variations]"
Change component parameters (AddParameter): Name = "Publisher"; Value = "Altium Limited"; VariantName = "[No Variations]"
Change component parameters (AddParameter): Name = "Value"; Value = "250"; VariantName = "[No Variations]"
